2025-11-02 14:20:16 - BudgetForecast - INFO - Running forecast with type: ForecastType.MONTHLY
2025-11-02 14:20:16 - BudgetForecast - INFO - Starting forecast with model: PROPHET
2025-11-02 14:20:16 - BudgetForecast - INFO - Running forecast with type: monthly
2025-11-02 14:20:16 - BudgetForecast - INFO - Prophet forecasting starting.
2025-11-02 14:20:16 - BudgetForecast - INFO - Dataset loaded successfully. Shape: (2192, 12)
2025-11-02 14:20:17 - BudgetForecast - WARNING - No 'y' column found in data — cannot compute metrics.
2025-11-02 14:20:17 - BudgetForecast - INFO - Successfully saved forecasts by monthly total!
2025-11-02 14:20:17 - BudgetForecast - INFO - Plotly figure created successfully.
2025-11-02 14:20:17 - BudgetForecast - INFO - Prophet forecasting complete.
2025-11-02 14:20:17 - BudgetForecast - ERROR - Forecasting failed: 
The fig parameter must be a dict or Figure.
    Received value of type <class 'pandas.core.frame.DataFrame'>:          date          yhat    yhat_lower    yhat_upper
0  2024-08-01   7500.217029   6950.822266   8058.157564
1  2024-09-01   7592.625779   7046.511456   8140.565762
2  2024-10-01   7682.053603   7145.757438   8224.107349
3  2024-11-01   7774.462356   7206.022433   8348.288217
4  2024-12-01   7863.890180   7286.150407   8369.344926
5  2025-01-01   7956.298934   7402.418369   8559.142441
6  2025-02-01   8048.707686   7528.393845   8628.215262
7  2025-03-01   8132.173779   7545.120624   8640.282166
8  2025-04-01   8224.582668   7654.535517   8761.541498
9  2025-05-01   8314.010626   7743.352968   8886.937825
10 2025-06-01   8406.419516   7844.685218   8980.921301
11 2025-07-01   8495.847474   7918.441267   9032.441736
12 2025-07-31   8585.275432   8013.266348   9125.465809
13 2025-08-31   8677.684321   8154.982959   9242.849659
14 2025-09-30   8767.112279   8185.479109   9347.659012
15 2025-10-31   8859.521169   8254.748589   9409.401678
16 2025-11-30   8948.949127   8387.655508   9453.323887
17 2025-12-31   9041.358017   8476.387527   9604.033254
18 2026-01-31   9133.766907   8595.620199   9709.154798
19 2026-02-28   9217.233001   8640.522562   9771.163627
20 2026-03-31   9309.641890   8766.451408   9882.482351
21 2026-04-30   9399.069848   8822.943966   9964.947549
22 2026-05-31   9491.478738   8911.526966  10049.508980
23 2026-06-30   9580.906696   9013.031593  10140.909940
24 2026-07-31   9673.315586   9137.187735  10225.058506
25 2026-08-31   9765.724476   9201.963864  10296.584518
26 2026-09-30   9855.152433   9306.394634  10423.801029
27 2026-10-31   9947.561323   9339.074261  10507.016929
28 2026-11-30  10036.989281   9482.354383  10575.204332
29 2026-12-31  10129.398171   9554.013988  10706.809472
30 2027-01-31  10221.807061   9689.726963  10803.280534
31 2027-02-28  10305.273155   9731.069371  10842.046116
32 2027-03-31  10397.682045   9814.786884  10964.314143
33 2027-04-30  10487.110002   9934.937566  11065.725831
34 2027-05-31  10579.518892  10010.196981  11149.189213
35 2027-06-30  10668.946850  10073.077256  11231.189124
