2025-10-31 19:43:19 - BudgetForecast - INFO - Running forecast with type: ForecastType.MONTHLY
2025-10-31 19:43:19 - BudgetForecast - INFO - Starting forecast with model: PROPHET
2025-10-31 19:43:19 - BudgetForecast - INFO - Running forecast with type: monthly
2025-10-31 19:43:19 - BudgetForecast - INFO - Prophet forecasting starting.
2025-10-31 19:43:19 - BudgetForecast - INFO - Dataset loaded successfully. Shape: (2192, 12)
2025-10-31 19:43:19 - BudgetForecast - INFO - Successfully saved forecasts by monthly total!
2025-10-31 19:43:19 - BudgetForecast - INFO - Plotly figure created successfully.
2025-10-31 19:43:19 - BudgetForecast - INFO - Prophet forecasting complete.
2025-10-31 19:44:18 - BudgetForecast - INFO - Running forecast with type: ForecastType.MONTHLY
2025-10-31 19:44:18 - BudgetForecast - INFO - Starting forecast with model: PROPHET
2025-10-31 19:44:18 - BudgetForecast - INFO - Running forecast with type: monthly
2025-10-31 19:44:18 - BudgetForecast - INFO - Prophet forecasting starting.
2025-10-31 19:44:18 - BudgetForecast - INFO - Dataset loaded successfully. Shape: (2192, 12)
2025-10-31 19:44:19 - BudgetForecast - INFO - Successfully saved forecasts by monthly total!
2025-10-31 19:44:19 - BudgetForecast - INFO - Plotly figure created successfully.
2025-10-31 19:44:19 - BudgetForecast - INFO - Prophet forecasting complete.
2025-10-31 19:44:25 - BudgetForecast - INFO - Running forecast with type: ForecastType.MONTHLY
2025-10-31 19:44:25 - BudgetForecast - INFO - Starting forecast with model: PROPHET
2025-10-31 19:44:25 - BudgetForecast - INFO - Running forecast with type: monthly
2025-10-31 19:44:25 - BudgetForecast - INFO - Prophet forecasting starting.
2025-10-31 19:44:25 - BudgetForecast - INFO - Dataset loaded successfully. Shape: (2192, 12)
2025-10-31 19:44:25 - BudgetForecast - INFO - Successfully saved forecasts by monthly total!
2025-10-31 19:44:25 - BudgetForecast - INFO - Plotly figure created successfully.
2025-10-31 19:44:25 - BudgetForecast - INFO - Prophet forecasting complete.
