2025-11-02 14:27:23 - BudgetForecast - INFO - Running forecast with type: ForecastType.MONTHLY
2025-11-02 14:27:23 - BudgetForecast - INFO - Starting forecast with model: PROPHET
2025-11-02 14:27:23 - BudgetForecast - INFO - Running forecast with type: monthly
2025-11-02 14:27:23 - BudgetForecast - INFO - Prophet forecasting starting.
2025-11-02 14:27:23 - BudgetForecast - INFO - Dataset loaded successfully. Shape: (2192, 12)
2025-11-02 14:27:23 - BudgetForecast - WARNING - No 'y' column found in data — cannot compute metrics.
2025-11-02 14:27:23 - BudgetForecast - INFO - Successfully saved forecasts by monthly total!
2025-11-02 14:27:23 - BudgetForecast - INFO - Plotly figure created successfully.
2025-11-02 14:27:23 - BudgetForecast - INFO - Prophet forecasting complete.
2025-11-02 14:27:23 - BudgetForecast - INFO - Successfully converted forecast data for Chart.js
2025-11-02 14:28:16 - BudgetForecast - INFO - Running forecast with type: ForecastType.MONTHLY
2025-11-02 14:28:16 - BudgetForecast - INFO - Starting forecast with model: PROPHET
2025-11-02 14:28:16 - BudgetForecast - INFO - Running forecast with type: monthly
2025-11-02 14:28:16 - BudgetForecast - INFO - Prophet forecasting starting.
2025-11-02 14:28:16 - BudgetForecast - INFO - Dataset loaded successfully. Shape: (2192, 12)
2025-11-02 14:28:16 - BudgetForecast - WARNING - No 'y' column found in data — cannot compute metrics.
2025-11-02 14:28:16 - BudgetForecast - INFO - Successfully saved forecasts by monthly total!
2025-11-02 14:28:16 - BudgetForecast - INFO - Plotly figure created successfully.
2025-11-02 14:28:16 - BudgetForecast - INFO - Prophet forecasting complete.
2025-11-02 14:28:16 - BudgetForecast - INFO - Successfully converted forecast data for Chart.js
