2025-11-02 14:47:42 - BudgetForecast - INFO - Running forecast with type: ForecastType.MONTHLY
2025-11-02 14:47:42 - BudgetForecast - INFO - Starting forecast with model: PROPHET
2025-11-02 14:47:42 - BudgetForecast - INFO - Running forecast with type: monthly
2025-11-02 14:47:42 - BudgetForecast - INFO - Prophet forecasting starting.
2025-11-02 14:47:42 - BudgetForecast - INFO - Dataset loaded successfully. Shape: (2192, 12)
2025-11-02 14:47:42 - BudgetForecast - WARNING - No 'y' column found in data — cannot compute metrics.
2025-11-02 14:47:42 - BudgetForecast - INFO - Successfully saved forecasts by monthly total!
2025-11-02 14:47:42 - BudgetForecast - INFO - Plotly figure created successfully.
2025-11-02 14:47:42 - BudgetForecast - INFO - Prophet forecasting complete.
2025-11-02 14:47:42 - BudgetForecast - INFO - Saved forecast CSV: forecasts/monthly/actual_detail_2025-08-14_1o21fq2.csv-ForecastType.MONTHLY-20251102_144742.csv
2025-11-02 14:47:42 - BudgetForecast - INFO - Successfully converted forecast data for Chart.js
2025-11-02 14:49:43 - BudgetForecast - INFO - Running forecast with type: ForecastType.MONTHLY
2025-11-02 14:49:43 - BudgetForecast - INFO - Starting forecast with model: PROPHET
2025-11-02 14:49:43 - BudgetForecast - INFO - Running forecast with type: monthly
2025-11-02 14:49:43 - BudgetForecast - INFO - Prophet forecasting starting.
2025-11-02 14:49:43 - BudgetForecast - INFO - Dataset loaded successfully. Shape: (2192, 12)
2025-11-02 14:49:43 - BudgetForecast - WARNING - No 'y' column found in data — cannot compute metrics.
2025-11-02 14:49:43 - BudgetForecast - INFO - Successfully saved forecasts by monthly total!
2025-11-02 14:49:43 - BudgetForecast - INFO - Plotly figure created successfully.
2025-11-02 14:49:43 - BudgetForecast - INFO - Prophet forecasting complete.
2025-11-02 14:49:43 - BudgetForecast - INFO - Saved forecast CSV: forecasts/monthly/actual_detail_2025-08-14_24dYdHy.csv-ForecastType.MONTHLY-20251102_144943.csv
2025-11-02 14:49:43 - BudgetForecast - INFO - Successfully converted forecast data for Chart.js
