2025-11-02 15:17:28 - BudgetForecast - INFO - Running forecast with type: ForecastType.MONTHLY
2025-11-02 15:17:28 - BudgetForecast - INFO - Starting forecast with model: PROPHET
2025-11-02 15:17:28 - BudgetForecast - INFO - Running forecast with type: monthly
2025-11-02 15:17:28 - BudgetForecast - INFO - Prophet forecasting starting.
2025-11-02 15:17:28 - BudgetForecast - INFO - Dataset loaded successfully. Shape: (2192, 12)
2025-11-02 15:17:28 - BudgetForecast - INFO - DEBUG data columns : ['month', 'spend', 'serviceName', 'usageFamily', 'estimate', 'accountName', 'accountID', 'countryCode', 'buCode', 'region', 'segment', 'costString']
2025-11-02 15:17:28 - BudgetForecast - INFO - DEBUG data columns: Index(['month', 'spend', 'serviceName', 'usageFamily', 'estimate',
       'accountName', 'accountID', 'countryCode', 'buCode', 'region',
       'segment', 'costString'],
      dtype='object')
2025-11-02 15:17:28 - BudgetForecast - INFO - DEBUG forecast columns: Index(['ds', 'trend', 'yhat_lower', 'yhat_upper', 'trend_lower', 'trend_upper',
       'additive_terms', 'additive_terms_lower', 'additive_terms_upper',
       'multiplicative_terms', 'multiplicative_terms_lower',
       'multiplicative_terms_upper', 'yhat'],
      dtype='object')
2025-11-02 15:17:28 - BudgetForecast - INFO -  Computed metrics: {'RMSE': np.float64(8011.85), 'MAE': 8003.61, 'MSE': 64189750.98, 'MAPE (%)': np.float64(inf)}
2025-11-02 15:17:28 - BudgetForecast - INFO - Successfully saved forecasts by monthly total!
2025-11-02 15:17:28 - BudgetForecast - INFO - Plotly figure created successfully.
2025-11-02 15:17:28 - BudgetForecast - INFO - Prophet forecasting complete.
2025-11-02 15:17:28 - BudgetForecast - INFO - Saved forecast CSV: forecasts/monthly/actual_detail_2025-08-14_DF4qW7p.csv-ForecastType.MONTHLY-20251102_151728.csv
2025-11-02 15:17:28 - BudgetForecast - INFO - Successfully converted forecast data for Chart.js
2025-11-02 15:17:28 - BudgetForecast - INFO - DEBUG result keys: ['forecast', 'metrics']
2025-11-02 15:17:28 - BudgetForecast - INFO - DEBUG metrics: {'RMSE': np.float64(8011.85), 'MAE': 8003.61, 'MSE': 64189750.98, 'MAPE (%)': np.float64(inf)}
