2025-08-18 08:50:14 - BudgetForecast - INFO - Logging initialized. Log file: logs/budget_forecast_20250818_085014.log
2025-08-18 08:50:14 - BudgetForecast - INFO - ============================================================
2025-08-18 08:50:14 - BudgetForecast - INFO - BUDGET FORECASTING MODEL EXECUTION STARTED
2025-08-18 08:50:14 - BudgetForecast - INFO - ============================================================
2025-08-18 08:50:14 - BudgetForecast - INFO - Configuration:
2025-08-18 08:50:14 - BudgetForecast - INFO -   Train: False
2025-08-18 08:50:14 - BudgetForecast - INFO -   Optimizer: bayesian
2025-08-18 08:50:14 - BudgetForecast - INFO -   Model: catboost
2025-08-18 08:50:14 - BudgetForecast - INFO -   Bayesian Optimization: True
2025-08-18 08:50:14 - BudgetForecast - INFO -   Grid Search Optimization: False
2025-08-18 08:50:14 - BudgetForecast - INFO -   Use Linear Regression: False
2025-08-18 08:50:14 - BudgetForecast - INFO - ============================================================
2025-08-18 08:50:14 - BudgetForecast - INFO - STAGE 1: DATA PREPROCESSING
2025-08-18 08:50:14 - BudgetForecast - INFO - ============================================================
2025-08-18 08:50:14 - BudgetForecast - INFO - Loading dataset...
2025-08-18 08:50:14 - BudgetForecast - INFO - Dataset loaded successfully. Shape: (2192, 12)
2025-08-18 08:50:14 - BudgetForecast - INFO - Processing date columns...
2025-08-18 08:50:14 - BudgetForecast - INFO - Date columns processed successfully
2025-08-18 08:50:14 - BudgetForecast - INFO - Data sorted by month
2025-08-18 08:50:14 - BudgetForecast - INFO - Dropped 'estimate' column (duplicate of 'spend')
2025-08-18 08:50:14 - BudgetForecast - INFO - Converting categorical columns...
2025-08-18 08:50:14 - BudgetForecast - INFO - Converted 9 columns to categorical
2025-08-18 08:50:14 - BudgetForecast - INFO - Dropped original 'month' column
2025-08-18 08:50:14 - BudgetForecast - INFO - Creating lag features...
2025-08-18 08:50:14 - BudgetForecast - INFO - Lag features created successfully
2025-08-18 08:50:14 - BudgetForecast - INFO - Creating rolling statistics...
2025-08-18 08:50:14 - BudgetForecast - INFO - Rolling statistics created successfully
2025-08-18 08:50:14 - BudgetForecast - INFO - Splitting data into training and testing sets...
2025-08-18 08:50:14 - BudgetForecast - INFO - Shape of training data: (1753, 19)
2025-08-18 08:50:14 - BudgetForecast - INFO - Shape of testing data: (439, 19)
2025-08-18 08:50:14 - BudgetForecast - INFO - ============================================================
2025-08-18 08:50:14 - BudgetForecast - INFO - STAGE 2: MODEL LOADING OR TRAINING
2025-08-18 08:50:14 - BudgetForecast - INFO - ============================================================
2025-08-18 08:50:14 - BudgetForecast - INFO - Attempting to load existing models...
2025-08-18 08:50:14 - BudgetForecast - INFO - Loaded existing Bayesian model: models/catboost/catboost_bayesian_model_20250817_161759.cbm
2025-08-18 08:50:14 - BudgetForecast - INFO - ============================================================
2025-08-18 08:50:14 - BudgetForecast - INFO - STAGE 4: MODEL EVALUATION
2025-08-18 08:50:14 - BudgetForecast - INFO - ============================================================
2025-08-18 08:50:14 - BudgetForecast - INFO - CatBoost Model Results:
2025-08-18 08:50:14 - BudgetForecast - INFO - RMSE: 16.5090
2025-08-18 08:50:14 - BudgetForecast - INFO - MAE: 6.0415
2025-08-18 08:50:14 - BudgetForecast - INFO - R²: 0.9885
2025-08-18 08:50:14 - BudgetForecast - INFO - ============================================================
2025-08-18 08:50:14 - BudgetForecast - INFO - STAGE 5: GENERATING VISUALIZATIONS
2025-08-18 08:50:14 - BudgetForecast - INFO - ============================================================
2025-08-18 08:50:14 - BudgetForecast - INFO - Generating monthly comparison bar chart...
2025-08-18 08:50:20 - BudgetForecast - INFO - Generating monthly comparison line graph...
2025-08-18 08:50:26 - BudgetForecast - INFO - Visualizations generated successfully
2025-08-18 08:50:26 - BudgetForecast - INFO - ============================================================
2025-08-18 08:50:26 - BudgetForecast - INFO - STAGE 6: GENERATING FUTURE PREDICTIONS
2025-08-18 08:50:26 - BudgetForecast - INFO - ============================================================
2025-08-18 08:50:26 - BudgetForecast - INFO - Generating future predictions visualization...
2025-08-18 08:50:32 - BudgetForecast - INFO - ================================================================================
2025-08-18 08:50:32 - BudgetForecast - INFO - 24-MONTH FUTURE PREDICTIONS COMPARISON
2025-08-18 08:50:32 - BudgetForecast - INFO - ================================================================================
2025-08-18 08:50:32 - BudgetForecast - INFO - Month        CatBoost Prediction 
2025-08-18 08:50:32 - BudgetForecast - INFO - -----------------------------------
2025-08-18 08:50:32 - BudgetForecast - INFO - 2025-08      $152.03             
2025-08-18 08:50:32 - BudgetForecast - INFO - 2025-09      $152.10             
2025-08-18 08:50:32 - BudgetForecast - INFO - 2025-10      $151.98             
2025-08-18 08:50:32 - BudgetForecast - INFO - 2025-11      $151.98             
2025-08-18 08:50:32 - BudgetForecast - INFO - 2025-12      $151.98             
2025-08-18 08:50:32 - BudgetForecast - INFO - 2026-01      $143.92             
2025-08-18 08:50:32 - BudgetForecast - INFO - 2026-02      $144.22             
2025-08-18 08:50:32 - BudgetForecast - INFO - 2026-03      $150.11             
2025-08-18 08:50:32 - BudgetForecast - INFO - 2026-04      $150.33             
2025-08-18 08:50:32 - BudgetForecast - INFO - 2026-05      $151.49             
2025-08-18 08:50:32 - BudgetForecast - INFO - 2026-06      $151.92             
2025-08-18 08:50:32 - BudgetForecast - INFO - 2026-07      $152.03             
2025-08-18 08:50:32 - BudgetForecast - INFO - 2026-08      $152.03             
2025-08-18 08:50:32 - BudgetForecast - INFO - 2026-09      $152.10             
2025-08-18 08:50:32 - BudgetForecast - INFO - 2026-10      $151.98             
2025-08-18 08:50:32 - BudgetForecast - INFO - 2026-11      $151.98             
2025-08-18 08:50:32 - BudgetForecast - INFO - 2026-12      $151.98             
2025-08-18 08:50:32 - BudgetForecast - INFO - 2027-01      $143.92             
2025-08-18 08:50:32 - BudgetForecast - INFO - 2027-02      $144.22             
2025-08-18 08:50:32 - BudgetForecast - INFO - 2027-03      $150.11             
2025-08-18 08:50:32 - BudgetForecast - INFO - 2027-04      $150.33             
2025-08-18 08:50:32 - BudgetForecast - INFO - 2027-05      $151.49             
2025-08-18 08:50:32 - BudgetForecast - INFO - 2027-06      $151.92             
2025-08-18 08:50:32 - BudgetForecast - INFO - 2027-07      $152.03             
2025-08-18 08:50:32 - BudgetForecast - INFO - Average Prediction: $150.34
2025-08-18 08:50:32 - BudgetForecast - INFO - Prediction Range: $143.92 - $152.10
2025-08-18 08:50:32 - BudgetForecast - INFO - Future predictions generated successfully
2025-08-18 08:50:32 - BudgetForecast - INFO - ============================================================
2025-08-18 08:50:32 - BudgetForecast - INFO - ANALYSIS COMPLETE - SUCCESS
2025-08-18 08:50:32 - BudgetForecast - INFO - ============================================================
