2025-08-18 11:12:02 - BudgetForecast - INFO - Logging initialized. Log file: logs/budget_forecast_20250818_111202.log
2025-08-18 11:12:02 - BudgetForecast - INFO - ============================================================
2025-08-18 11:12:02 - BudgetForecast - INFO - BUDGET FORECASTING MODEL EXECUTION STARTED
2025-08-18 11:12:02 - BudgetForecast - INFO - ============================================================
2025-08-18 11:12:02 - BudgetForecast - INFO - Configuration:
2025-08-18 11:12:02 - BudgetForecast - INFO -   Train: False
2025-08-18 11:12:02 - BudgetForecast - INFO -   Optimizer: gridSearch
2025-08-18 11:12:02 - BudgetForecast - INFO -   Model: linearRegression
2025-08-18 11:12:02 - BudgetForecast - INFO -   Bayesian Optimization: False
2025-08-18 11:12:02 - BudgetForecast - INFO -   Grid Search Optimization: True
2025-08-18 11:12:02 - BudgetForecast - INFO -   Use Linear Regression: True
2025-08-18 11:12:02 - BudgetForecast - INFO - ============================================================
2025-08-18 11:12:02 - BudgetForecast - INFO - STAGE 1: DATA PREPROCESSING
2025-08-18 11:12:02 - BudgetForecast - INFO - ============================================================
2025-08-18 11:12:02 - BudgetForecast - INFO - Loading dataset...
2025-08-18 11:12:02 - BudgetForecast - INFO - Dataset loaded successfully. Shape: (2192, 12)
2025-08-18 11:12:02 - BudgetForecast - INFO - Processing date columns...
2025-08-18 11:12:02 - BudgetForecast - INFO - Date columns processed successfully
2025-08-18 11:12:02 - BudgetForecast - INFO - Data sorted by month
2025-08-18 11:12:02 - BudgetForecast - INFO - Dropped 'estimate' column (duplicate of 'spend')
2025-08-18 11:12:02 - BudgetForecast - INFO - Converting categorical columns...
2025-08-18 11:12:02 - BudgetForecast - INFO - Converted 9 columns to categorical
2025-08-18 11:12:02 - BudgetForecast - INFO - Dropped original 'month' column
2025-08-18 11:12:02 - BudgetForecast - INFO - Creating lag features...
2025-08-18 11:12:02 - BudgetForecast - INFO - Lag features created successfully
2025-08-18 11:12:02 - BudgetForecast - INFO - Creating rolling statistics...
2025-08-18 11:12:02 - BudgetForecast - INFO - Rolling statistics created successfully
2025-08-18 11:12:02 - BudgetForecast - INFO - Splitting data into training and testing sets...
2025-08-18 11:12:02 - BudgetForecast - INFO - Shape of training data: (1753, 19)
2025-08-18 11:12:02 - BudgetForecast - INFO - Shape of testing data: (439, 19)
2025-08-18 11:12:02 - BudgetForecast - INFO - ============================================================
2025-08-18 11:12:02 - BudgetForecast - INFO - STAGE 2: MODEL LOADING OR TRAINING
2025-08-18 11:12:02 - BudgetForecast - INFO - ============================================================
2025-08-18 11:12:02 - BudgetForecast - INFO - Attempting to load existing models...
2025-08-18 11:12:02 - BudgetForecast - INFO - Loaded existing Grid Search model: models/catboost/catboost_gridsearch_model_20250818_105145.cbm
2025-08-18 11:12:02 - BudgetForecast - INFO - Loaded existing Linear Regression model: models/linear_regression/linear_regression_model_20250818_105145.pkl
2025-08-18 11:12:02 - BudgetForecast - INFO - ============================================================
2025-08-18 11:12:02 - BudgetForecast - INFO - STAGE 4: MODEL EVALUATION
2025-08-18 11:12:02 - BudgetForecast - INFO - ============================================================
2025-08-18 11:12:02 - BudgetForecast - INFO - CatBoost Model Results:
2025-08-18 11:12:02 - BudgetForecast - INFO - RMSE: 38.6532
2025-08-18 11:12:02 - BudgetForecast - INFO - MAE: 8.0275
2025-08-18 11:12:02 - BudgetForecast - INFO - R²: 0.9372
2025-08-18 11:12:02 - BudgetForecast - INFO - Linear Regression Model Results:
2025-08-18 11:12:02 - BudgetForecast - INFO - RMSE: 38.0652
2025-08-18 11:12:02 - BudgetForecast - INFO - MAE: 22.2583
2025-08-18 11:12:02 - BudgetForecast - INFO - R²: 0.9391
2025-08-18 11:12:02 - BudgetForecast - INFO - Model Comparison:
2025-08-18 11:12:02 - BudgetForecast - INFO - Metric          CatBoost        Linear Regression    Winner    
2025-08-18 11:12:02 - BudgetForecast - INFO - ------------------------------------------------------------
2025-08-18 11:12:02 - BudgetForecast - INFO - RMSE            38.6532         38.0652              Linear Regression
2025-08-18 11:12:02 - BudgetForecast - INFO - MAE             8.0275          22.2583              CatBoost
2025-08-18 11:12:02 - BudgetForecast - INFO - R²              0.9372          0.9391               Linear Regression
2025-08-18 11:12:02 - BudgetForecast - INFO - ============================================================
2025-08-18 11:12:02 - BudgetForecast - INFO - STAGE 5: GENERATING VISUALIZATIONS
2025-08-18 11:12:02 - BudgetForecast - INFO - ============================================================
2025-08-18 11:12:02 - BudgetForecast - INFO - Generating monthly comparison bar chart...
2025-08-18 11:12:02 - BudgetForecast - INFO - Monthly comparison bar chart saved to plots/monthly_comparison_bar.html
2025-08-18 11:12:02 - BudgetForecast - INFO - Generating monthly comparison line graph...
2025-08-18 11:12:03 - BudgetForecast - INFO - Monthly comparison line graph saved to plots/monthly_comparison_line.html
2025-08-18 11:12:03 - BudgetForecast - INFO - Visualizations generated successfully
2025-08-18 11:12:03 - BudgetForecast - INFO - ============================================================
2025-08-18 11:12:03 - BudgetForecast - INFO - STAGE 6: GENERATING FUTURE PREDICTIONS
2025-08-18 11:12:03 - BudgetForecast - INFO - ============================================================
2025-08-18 11:12:03 - BudgetForecast - INFO - Generating future predictions visualization...
2025-08-18 11:12:03 - BudgetForecast - INFO - Future predictions visualization saved to plots/future_predictions.html
2025-08-18 11:12:03 - BudgetForecast - INFO - ================================================================================
2025-08-18 11:12:03 - BudgetForecast - INFO - 24-MONTH FUTURE PREDICTIONS COMPARISON
2025-08-18 11:12:03 - BudgetForecast - INFO - ================================================================================
2025-08-18 11:12:03 - BudgetForecast - INFO - Month        CatBoost        Linear Regression    Difference      % Difference   
2025-08-18 11:12:03 - BudgetForecast - INFO - --------------------------------------------------------------------------------
2025-08-18 11:12:03 - BudgetForecast - INFO - 2025-08      $154.97         $87.82               $67.15          76.5          %
2025-08-18 11:12:03 - BudgetForecast - INFO - 2025-09      $155.18         $84.58               $70.60          83.5          %
2025-08-18 11:12:03 - BudgetForecast - INFO - 2025-10      $156.12         $81.35               $74.77          91.9          %
2025-08-18 11:12:03 - BudgetForecast - INFO - 2025-11      $158.52         $78.12               $80.41          102.9         %
2025-08-18 11:12:03 - BudgetForecast - INFO - 2025-12      $159.60         $74.88               $84.72          113.1         %
2025-08-18 11:12:03 - BudgetForecast - INFO - 2026-01      $161.83         $75.76               $86.07          113.6         %
2025-08-18 11:12:03 - BudgetForecast - INFO - 2026-02      $161.67         $72.53               $89.14          122.9         %
2025-08-18 11:12:03 - BudgetForecast - INFO - 2026-03      $160.15         $69.29               $90.86          131.1         %
2025-08-18 11:12:03 - BudgetForecast - INFO - 2026-04      $156.83         $66.06               $90.77          137.4         %
2025-08-18 11:12:03 - BudgetForecast - INFO - 2026-05      $154.54         $62.83               $91.72          146.0         %
2025-08-18 11:12:03 - BudgetForecast - INFO - 2026-06      $154.54         $59.59               $94.95          159.3         %
2025-08-18 11:12:03 - BudgetForecast - INFO - 2026-07      $154.97         $56.36               $98.61          175.0         %
2025-08-18 11:12:03 - BudgetForecast - INFO - 2026-08      $154.97         $53.13               $101.84         191.7         %
2025-08-18 11:12:03 - BudgetForecast - INFO - 2026-09      $155.18         $49.89               $105.29         211.0         %
2025-08-18 11:12:03 - BudgetForecast - INFO - 2026-10      $156.12         $46.66               $109.46         234.6         %
2025-08-18 11:12:03 - BudgetForecast - INFO - 2026-11      $158.52         $43.43               $115.10         265.0         %
2025-08-18 11:12:03 - BudgetForecast - INFO - 2026-12      $159.60         $40.19               $119.41         297.1         %
2025-08-18 11:12:03 - BudgetForecast - INFO - 2027-01      $161.83         $41.07               $120.76         294.0         %
2025-08-18 11:12:03 - BudgetForecast - INFO - 2027-02      $161.67         $37.84               $123.83         327.3         %
2025-08-18 11:12:03 - BudgetForecast - INFO - 2027-03      $160.15         $34.60               $125.55         362.8         %
2025-08-18 11:12:03 - BudgetForecast - INFO - 2027-04      $156.83         $31.37               $125.46         399.9         %
2025-08-18 11:12:03 - BudgetForecast - INFO - 2027-05      $154.54         $28.14               $126.41         449.3         %
2025-08-18 11:12:03 - BudgetForecast - INFO - 2027-06      $154.54         $24.90               $129.64         520.6         %
2025-08-18 11:12:03 - BudgetForecast - INFO - 2027-07      $154.97         $21.67               $133.30         615.1         %
2025-08-18 11:12:03 - BudgetForecast - INFO - ================================================================================
2025-08-18 11:12:03 - BudgetForecast - INFO - SUMMARY STATISTICS
2025-08-18 11:12:03 - BudgetForecast - INFO - ================================================================================
2025-08-18 11:12:03 - BudgetForecast - INFO - CatBoost Average Prediction: $157.41
2025-08-18 11:12:03 - BudgetForecast - INFO - Linear Regression Average Prediction: $55.09
2025-08-18 11:12:03 - BudgetForecast - INFO - Average Difference: $102.32
2025-08-18 11:12:03 - BudgetForecast - INFO - Average % Difference: 234.2%
2025-08-18 11:12:03 - BudgetForecast - INFO - CatBoost Prediction Range: $154.54 - $161.83
2025-08-18 11:12:03 - BudgetForecast - INFO - Linear Regression Prediction Range: $21.67 - $87.82
2025-08-18 11:12:03 - BudgetForecast - INFO - Future predictions generated successfully
2025-08-18 11:12:03 - BudgetForecast - INFO - ============================================================
2025-08-18 11:12:03 - BudgetForecast - INFO - ANALYSIS COMPLETE - SUCCESS
2025-08-18 11:12:03 - BudgetForecast - INFO - ============================================================
