2025-08-18 09:35:10 - BudgetForecast - INFO - Logging initialized. Log file: logs/budget_forecast_20250818_093510.log
2025-08-18 09:35:10 - BudgetForecast - INFO - ============================================================
2025-08-18 09:35:10 - BudgetForecast - INFO - BUDGET FORECASTING MODEL EXECUTION STARTED
2025-08-18 09:35:10 - BudgetForecast - INFO - ============================================================
2025-08-18 09:35:10 - BudgetForecast - INFO - Configuration:
2025-08-18 09:35:10 - BudgetForecast - INFO -   Train: False
2025-08-18 09:35:10 - BudgetForecast - INFO -   Optimizer: bayesian
2025-08-18 09:35:10 - BudgetForecast - INFO -   Model: catboost
2025-08-18 09:35:10 - BudgetForecast - INFO -   Bayesian Optimization: True
2025-08-18 09:35:10 - BudgetForecast - INFO -   Grid Search Optimization: False
2025-08-18 09:35:10 - BudgetForecast - INFO -   Use Linear Regression: False
2025-08-18 09:35:10 - BudgetForecast - INFO - ============================================================
2025-08-18 09:35:10 - BudgetForecast - INFO - STAGE 1: DATA PREPROCESSING
2025-08-18 09:35:10 - BudgetForecast - INFO - ============================================================
2025-08-18 09:35:10 - BudgetForecast - INFO - Loading dataset...
2025-08-18 09:35:10 - BudgetForecast - INFO - Dataset loaded successfully. Shape: (2192, 12)
2025-08-18 09:35:10 - BudgetForecast - INFO - Processing date columns...
2025-08-18 09:35:10 - BudgetForecast - INFO - Date columns processed successfully
2025-08-18 09:35:10 - BudgetForecast - INFO - Data sorted by month
2025-08-18 09:35:10 - BudgetForecast - INFO - Dropped 'estimate' column (duplicate of 'spend')
2025-08-18 09:35:10 - BudgetForecast - INFO - Converting categorical columns...
2025-08-18 09:35:10 - BudgetForecast - INFO - Converted 9 columns to categorical
2025-08-18 09:35:10 - BudgetForecast - INFO - Dropped original 'month' column
2025-08-18 09:35:10 - BudgetForecast - INFO - Creating lag features...
2025-08-18 09:35:10 - BudgetForecast - INFO - Lag features created successfully
2025-08-18 09:35:10 - BudgetForecast - INFO - Creating rolling statistics...
2025-08-18 09:35:10 - BudgetForecast - INFO - Rolling statistics created successfully
2025-08-18 09:35:10 - BudgetForecast - INFO - Splitting data into training and testing sets...
2025-08-18 09:35:10 - BudgetForecast - INFO - Shape of training data: (1753, 19)
2025-08-18 09:35:10 - BudgetForecast - INFO - Shape of testing data: (439, 19)
2025-08-18 09:35:10 - BudgetForecast - INFO - ============================================================
2025-08-18 09:35:10 - BudgetForecast - INFO - STAGE 2: MODEL LOADING OR TRAINING
2025-08-18 09:35:10 - BudgetForecast - INFO - ============================================================
2025-08-18 09:35:10 - BudgetForecast - INFO - Attempting to load existing models...
2025-08-18 09:35:10 - BudgetForecast - INFO - Loaded existing Bayesian model: models/catboost/catboost_bayesian_model_20250818_092529.cbm
2025-08-18 09:35:10 - BudgetForecast - INFO - ============================================================
2025-08-18 09:35:10 - BudgetForecast - INFO - STAGE 4: MODEL EVALUATION
2025-08-18 09:35:10 - BudgetForecast - INFO - ============================================================
2025-08-18 09:35:10 - BudgetForecast - INFO - CatBoost Model Results:
2025-08-18 09:35:10 - BudgetForecast - INFO - RMSE: 16.7363
2025-08-18 09:35:10 - BudgetForecast - INFO - MAE: 5.8520
2025-08-18 09:35:10 - BudgetForecast - INFO - R²: 0.9882
2025-08-18 09:35:10 - BudgetForecast - INFO - ============================================================
2025-08-18 09:35:10 - BudgetForecast - INFO - STAGE 5: GENERATING VISUALIZATIONS
2025-08-18 09:35:10 - BudgetForecast - INFO - ============================================================
2025-08-18 09:35:10 - BudgetForecast - INFO - Generating monthly comparison bar chart...
2025-08-18 09:35:11 - BudgetForecast - INFO - Monthly comparison bar chart saved to plots/monthly_comparison_bar.html
2025-08-18 09:35:11 - BudgetForecast - INFO - Generating monthly comparison line graph...
2025-08-18 09:35:11 - BudgetForecast - INFO - Monthly comparison line graph saved to plots/monthly_comparison_line.html
2025-08-18 09:35:11 - BudgetForecast - INFO - Visualizations generated successfully
2025-08-18 09:35:11 - BudgetForecast - INFO - ============================================================
2025-08-18 09:35:11 - BudgetForecast - INFO - STAGE 6: GENERATING FUTURE PREDICTIONS
2025-08-18 09:35:11 - BudgetForecast - INFO - ============================================================
2025-08-18 09:35:11 - BudgetForecast - INFO - Generating future predictions visualization...
2025-08-18 09:35:11 - BudgetForecast - INFO - Future predictions visualization saved to plots/future_predictions.html
2025-08-18 09:35:11 - BudgetForecast - INFO - ================================================================================
2025-08-18 09:35:11 - BudgetForecast - INFO - 24-MONTH FUTURE PREDICTIONS COMPARISON
2025-08-18 09:35:11 - BudgetForecast - INFO - ================================================================================
2025-08-18 09:35:11 - BudgetForecast - INFO - Month        CatBoost Prediction 
2025-08-18 09:35:11 - BudgetForecast - INFO - -----------------------------------
2025-08-18 09:35:11 - BudgetForecast - INFO - 2025-08      $147.29             
2025-08-18 09:35:11 - BudgetForecast - INFO - 2025-09      $147.84             
2025-08-18 09:35:11 - BudgetForecast - INFO - 2025-10      $147.80             
2025-08-18 09:35:11 - BudgetForecast - INFO - 2025-11      $147.69             
2025-08-18 09:35:11 - BudgetForecast - INFO - 2025-12      $147.41             
2025-08-18 09:35:11 - BudgetForecast - INFO - 2026-01      $138.57             
2025-08-18 09:35:11 - BudgetForecast - INFO - 2026-02      $138.98             
2025-08-18 09:35:11 - BudgetForecast - INFO - 2026-03      $144.22             
2025-08-18 09:35:11 - BudgetForecast - INFO - 2026-04      $144.98             
2025-08-18 09:35:11 - BudgetForecast - INFO - 2026-05      $146.20             
2025-08-18 09:35:11 - BudgetForecast - INFO - 2026-06      $146.42             
2025-08-18 09:35:11 - BudgetForecast - INFO - 2026-07      $147.20             
2025-08-18 09:35:11 - BudgetForecast - INFO - 2026-08      $147.29             
2025-08-18 09:35:11 - BudgetForecast - INFO - 2026-09      $147.84             
2025-08-18 09:35:11 - BudgetForecast - INFO - 2026-10      $147.80             
2025-08-18 09:35:11 - BudgetForecast - INFO - 2026-11      $147.69             
2025-08-18 09:35:11 - BudgetForecast - INFO - 2026-12      $147.41             
2025-08-18 09:35:11 - BudgetForecast - INFO - 2027-01      $138.57             
2025-08-18 09:35:11 - BudgetForecast - INFO - 2027-02      $138.98             
2025-08-18 09:35:11 - BudgetForecast - INFO - 2027-03      $144.22             
2025-08-18 09:35:11 - BudgetForecast - INFO - 2027-04      $144.98             
2025-08-18 09:35:11 - BudgetForecast - INFO - 2027-05      $146.20             
2025-08-18 09:35:11 - BudgetForecast - INFO - 2027-06      $146.42             
2025-08-18 09:35:11 - BudgetForecast - INFO - 2027-07      $147.20             
2025-08-18 09:35:11 - BudgetForecast - INFO - Average Prediction: $145.38
2025-08-18 09:35:11 - BudgetForecast - INFO - Prediction Range: $138.57 - $147.84
2025-08-18 09:35:11 - BudgetForecast - INFO - Future predictions generated successfully
2025-08-18 09:35:11 - BudgetForecast - INFO - ============================================================
2025-08-18 09:35:11 - BudgetForecast - INFO - ANALYSIS COMPLETE - SUCCESS
2025-08-18 09:35:11 - BudgetForecast - INFO - ============================================================
