2025-09-01 18:22:21 - BudgetForecast - INFO - Logging initialized. Log file: logs/budget_forecast_20250901_182221.log
2025-09-01 18:22:21 - BudgetForecast - INFO - ============================================================
2025-09-01 18:22:21 - BudgetForecast - INFO - BUDGET FORECASTING MODEL EXECUTION STARTED
2025-09-01 18:22:21 - BudgetForecast - INFO - ============================================================
2025-09-01 18:22:21 - BudgetForecast - INFO - Configuration:
2025-09-01 18:22:21 - BudgetForecast - INFO -   Train: False
2025-09-01 18:22:21 - BudgetForecast - INFO -   Optimizer: bayesian
2025-09-01 18:22:21 - BudgetForecast - INFO -   Model: transformer
2025-09-01 18:22:21 - BudgetForecast - INFO -   Bayesian Optimization: True
2025-09-01 18:22:21 - BudgetForecast - INFO -   Grid Search Optimization: False
2025-09-01 18:22:21 - BudgetForecast - INFO -   Use Linear Regression: False
2025-09-01 18:22:21 - BudgetForecast - INFO - ============================================================
2025-09-01 18:22:21 - BudgetForecast - INFO - STAGE 1: DATA PREPROCESSING
2025-09-01 18:22:21 - BudgetForecast - INFO - ============================================================
2025-09-01 18:22:21 - BudgetForecast - INFO - Loading dataset...
2025-09-01 18:22:21 - BudgetForecast - INFO - Dataset loaded successfully. Shape: (2192, 12)
2025-09-01 18:22:21 - BudgetForecast - INFO - Processing date columns...
2025-09-01 18:22:21 - BudgetForecast - INFO - Date columns and 'year_month' processed successfully
2025-09-01 18:22:21 - BudgetForecast - INFO - Data sorted by month
2025-09-01 18:22:21 - BudgetForecast - INFO - Dropped 'estimate' column (duplicate of 'spend')
2025-09-01 18:22:21 - BudgetForecast - INFO - Converting categorical columns...
2025-09-01 18:22:21 - BudgetForecast - INFO - Converted 9 columns to categorical
2025-09-01 18:22:21 - BudgetForecast - INFO - Dropped original 'month' column
2025-09-01 18:22:21 - BudgetForecast - INFO - Creating lag features...
2025-09-01 18:22:21 - BudgetForecast - INFO - Lag features created successfully
2025-09-01 18:22:21 - BudgetForecast - INFO - Creating rolling statistics...
2025-09-01 18:22:21 - BudgetForecast - INFO - Rolling statistics created successfully
2025-09-01 18:22:21 - BudgetForecast - INFO - Splitting data into training and testing sets...
2025-09-01 18:22:21 - BudgetForecast - INFO - Shape of training data: (1644, 20)
2025-09-01 18:22:21 - BudgetForecast - INFO - Shape of testing data: (548, 20)
2025-09-01 18:22:21 - BudgetForecast - INFO - ============================================================
2025-09-01 18:22:21 - BudgetForecast - INFO - STAGE 2: MODEL LOADING OR TRAINING
2025-09-01 18:22:21 - BudgetForecast - INFO - ============================================================
2025-09-01 18:22:21 - BudgetForecast - INFO - Attempting to load existing models...
2025-09-01 18:22:21 - BudgetForecast - INFO - Loaded existing Bayesian model: models/catboost/catboost_bayesian_model_20250821_122826.cbm
2025-09-01 18:22:21 - BudgetForecast - INFO - ============================================================
2025-09-01 18:22:21 - BudgetForecast - INFO - STAGE 4: MODEL EVALUATION
2025-09-01 18:22:21 - BudgetForecast - INFO - ============================================================
2025-09-01 18:22:21 - BudgetForecast - INFO - CatBoost Model Results:
2025-09-01 18:22:21 - BudgetForecast - INFO - RMSE: 34.7267
2025-09-01 18:22:21 - BudgetForecast - INFO - MAE: 8.8548
2025-09-01 18:22:21 - BudgetForecast - INFO - R²: 0.9480
2025-09-01 18:22:21 - BudgetForecast - INFO - ============================================================
2025-09-01 18:22:21 - BudgetForecast - INFO - STAGE 5: GENERATING VISUALIZATIONS
2025-09-01 18:22:21 - BudgetForecast - INFO - ============================================================
2025-09-01 18:22:21 - BudgetForecast - INFO - Generating monthly comparison bar chart...
2025-09-01 18:22:21 - BudgetForecast - INFO - Monthly comparison bar chart saved to plots/monthly_comparison_bar.html
2025-09-01 18:22:21 - BudgetForecast - INFO - Generating monthly comparison line graph...
2025-09-01 18:22:21 - BudgetForecast - INFO - Monthly comparison line graph saved to plots/monthly_comparison_line.html
2025-09-01 18:22:21 - BudgetForecast - INFO - Visualizations generated successfully
2025-09-01 18:22:21 - BudgetForecast - INFO - ============================================================
2025-09-01 18:22:21 - BudgetForecast - INFO - STAGE 6: GENERATING FUTURE PREDICTIONS
2025-09-01 18:22:21 - BudgetForecast - INFO - ============================================================
2025-09-01 18:22:21 - BudgetForecast - INFO - Start date for future predictions: 2025-08-01
2025-09-01 18:22:21 - BudgetForecast - INFO - DataFrame columns: ['spend', 'serviceName', 'usageFamily', 'accountName', 'accountID', 'countryCode', 'buCode', 'region', 'segment', 'costString', 'year', 'month_num', 'year_month', 'lag_1', 'lag_2', 'lag_3', 'lag_6', 'lag_12', 'rolling_mean_3', 'rolling_mean_6']
2025-09-01 18:22:21 - BudgetForecast - INFO - Using 'year_month' for monthly aggregation
2025-09-01 18:22:21 - BudgetForecast - INFO - Monthly spend dataframe created with shape: (12, 8)
2025-09-01 18:22:21 - BudgetForecast - INFO - Monthly spend dataframe created with shape: (12, 8)
2025-09-01 18:22:21 - BudgetForecast - INFO - Forecasted record counts:
       month  predicted_record_count
0 2025-08-01              179.181739
1 2025-09-01              179.363477
2 2025-10-01              179.545216
3 2025-11-01              179.726954
4 2025-12-01              179.908693
2025-09-01 18:22:21 - BudgetForecast - INFO - [DEBUG] preprocess_future_df output columns: ['month', 'predicted_record_count']
2025-09-01 18:22:21 - BudgetForecast - INFO - Future df columns: ['month', 'serviceName', 'usageFamily', 'accountName', 'accountID', 'countryCode', 'buCode', 'region', 'segment', 'costString', 'year', 'month_num', 'year_month', 'lag_1', 'lag_2', 'lag_3', 'lag_6', 'lag_12', 'rolling_mean_3', 'rolling_mean_6', 'predicted_record_count']
2025-09-01 18:22:21 - BudgetForecast - INFO - Future df head:
       month serviceName usageFamily accountName accountID countryCode   buCode  ...  lag_2     lag_3     lag_6      lag_12  rolling_mean_3 rolling_mean_6  predicted_record_count
0 2025-08-01     default     default     default   default     default  default  ...  0.141  1.745795  0.000172  148.494245       58.759602       43.80413              179.181739
1 2025-09-01     default     default     default   default     default  default  ...  0.141  1.745795  0.000172  148.494245       58.759602       43.80413              179.363477
2 2025-10-01     default     default     default   default     default  default  ...  0.141  1.745795  0.000172  148.494245       58.759602       43.80413              179.545216
3 2025-11-01     default     default     default   default     default  default  ...  0.141  1.745795  0.000172  148.494245       58.759602       43.80413              179.726954
4 2025-12-01     default     default     default   default     default  default  ...  0.141  1.745795  0.000172  148.494245       58.759602       43.80413              179.908693

[5 rows x 21 columns]
2025-09-01 18:22:21 - BudgetForecast - INFO - Predicted spend for future months:
   year_month  predicted_spend
0  2025-08-01       121.960096
1  2025-09-01       122.323250
2  2025-10-01       122.560575
3  2025-11-01       122.157455
4  2025-12-01       121.728332
2025-09-01 18:22:21 - BudgetForecast - INFO - mean_record_count: 182.66666666666666
2025-09-01 18:22:21 - BudgetForecast - INFO - Future predictions generated successfully
2025-09-01 18:22:21 - BudgetForecast - INFO - Generating future predictions visualization...
2025-09-01 18:22:22 - BudgetForecast - INFO - Future predictions visualization saved to plots/future_predictions.html
2025-09-01 18:22:22 - BudgetForecast - INFO - ================================================================================
2025-09-01 18:22:22 - BudgetForecast - INFO - 24-MONTH FUTURE PREDICTIONS COMPARISON
2025-09-01 18:22:22 - BudgetForecast - INFO - ================================================================================
2025-09-01 18:22:22 - BudgetForecast - INFO - Month        CatBoost Prediction 
2025-09-01 18:22:22 - BudgetForecast - INFO - -----------------------------------
2025-09-01 18:22:22 - BudgetForecast - INFO - 2025-08      $121.96             
2025-09-01 18:22:22 - BudgetForecast - INFO - 2025-09      $122.32             
2025-09-01 18:22:22 - BudgetForecast - INFO - 2025-10      $122.56             
2025-09-01 18:22:22 - BudgetForecast - INFO - 2025-11      $122.16             
2025-09-01 18:22:22 - BudgetForecast - INFO - 2025-12      $121.73             
2025-09-01 18:22:22 - BudgetForecast - INFO - 2026-01      $117.91             
2025-09-01 18:22:22 - BudgetForecast - INFO - 2026-02      $117.92             
2025-09-01 18:22:22 - BudgetForecast - INFO - 2026-03      $121.65             
2025-09-01 18:22:22 - BudgetForecast - INFO - 2026-04      $121.73             
2025-09-01 18:22:22 - BudgetForecast - INFO - 2026-05      $121.73             
2025-09-01 18:22:22 - BudgetForecast - INFO - 2026-06      $121.73             
2025-09-01 18:22:22 - BudgetForecast - INFO - 2026-07      $121.96             
2025-09-01 18:22:22 - BudgetForecast - INFO - 2026-08      $121.96             
2025-09-01 18:22:22 - BudgetForecast - INFO - 2026-09      $122.32             
2025-09-01 18:22:22 - BudgetForecast - INFO - 2026-10      $122.56             
2025-09-01 18:22:22 - BudgetForecast - INFO - 2026-11      $122.16             
2025-09-01 18:22:22 - BudgetForecast - INFO - 2026-12      $121.73             
2025-09-01 18:22:22 - BudgetForecast - INFO - 2027-01      $117.91             
2025-09-01 18:22:22 - BudgetForecast - INFO - 2027-02      $117.92             
2025-09-01 18:22:22 - BudgetForecast - INFO - 2027-03      $121.65             
2025-09-01 18:22:22 - BudgetForecast - INFO - 2027-04      $121.73             
2025-09-01 18:22:22 - BudgetForecast - INFO - 2027-05      $121.73             
2025-09-01 18:22:22 - BudgetForecast - INFO - 2027-06      $121.73             
2025-09-01 18:22:22 - BudgetForecast - INFO - 2027-07      $121.96             
2025-09-01 18:22:22 - BudgetForecast - INFO - Average Prediction: $121.28
2025-09-01 18:22:22 - BudgetForecast - INFO - Prediction Range: $117.91 - $122.56
2025-09-01 18:22:22 - BudgetForecast - INFO - Future predictions generated successfully
2025-09-01 18:22:22 - BudgetForecast - INFO - ============================================================
2025-09-01 18:22:22 - BudgetForecast - INFO - ANALYSIS COMPLETE - SUCCESS
2025-09-01 18:22:22 - BudgetForecast - INFO - ============================================================
