2025-09-02 21:54:01 - BudgetForecast - INFO - Logging initialized. Log file: logs/budget_forecast_20250902_215401.log
2025-09-02 21:54:01 - BudgetForecast - INFO - ============================================================
2025-09-02 21:54:01 - BudgetForecast - INFO - BUDGET FORECASTING MODEL EXECUTION STARTED
2025-09-02 21:54:01 - BudgetForecast - INFO - ============================================================
2025-09-02 21:54:01 - BudgetForecast - INFO - Configuration:
2025-09-02 21:54:01 - BudgetForecast - INFO -   Train: True
2025-09-02 21:54:01 - BudgetForecast - INFO -   Optimizer: bayesian
2025-09-02 21:54:01 - BudgetForecast - INFO -   Model: catboost
2025-09-02 21:54:01 - BudgetForecast - INFO -   Bayesian Optimization: True
2025-09-02 21:54:01 - BudgetForecast - INFO -   Grid Search Optimization: False
2025-09-02 21:54:01 - BudgetForecast - INFO -   Use Linear Regression: False
2025-09-02 21:54:01 - BudgetForecast - INFO - ============================================================
2025-09-02 21:54:01 - BudgetForecast - INFO - STAGE 1: DATA PREPROCESSING
2025-09-02 21:54:01 - BudgetForecast - INFO - ============================================================
2025-09-02 21:54:01 - BudgetForecast - INFO - Loading dataset...
2025-09-02 21:54:01 - BudgetForecast - INFO - Dataset loaded successfully. Shape: (2192, 12)
2025-09-02 21:54:01 - BudgetForecast - INFO - Processing date columns...
2025-09-02 21:54:01 - BudgetForecast - INFO - Date columns and 'year_month' processed successfully
2025-09-02 21:54:01 - BudgetForecast - INFO - Data sorted by month
2025-09-02 21:54:01 - BudgetForecast - INFO - Dropped 'estimate' column (duplicate of 'spend')
2025-09-02 21:54:01 - BudgetForecast - INFO - Converting categorical columns...
2025-09-02 21:54:01 - BudgetForecast - INFO - Converted 9 columns to categorical
2025-09-02 21:54:01 - BudgetForecast - INFO - Dropped original 'month' column
2025-09-02 21:54:01 - BudgetForecast - INFO - Creating lag features...
2025-09-02 21:54:01 - BudgetForecast - INFO - Lag features created successfully
2025-09-02 21:54:01 - BudgetForecast - INFO - Creating rolling statistics...
2025-09-02 21:54:01 - BudgetForecast - INFO - Rolling statistics created successfully
2025-09-02 21:54:01 - BudgetForecast - INFO - Splitting data into training and testing sets...
2025-09-02 21:54:01 - BudgetForecast - INFO - Shape of training data: (1644, 20)
2025-09-02 21:54:01 - BudgetForecast - INFO - Shape of testing data: (548, 20)
2025-09-02 21:54:01 - BudgetForecast - INFO - ============================================================
2025-09-02 21:54:01 - BudgetForecast - INFO - STAGE 2: MODEL LOADING OR TRAINING
2025-09-02 21:54:01 - BudgetForecast - INFO - ============================================================
2025-09-02 21:54:01 - BudgetForecast - INFO - ============================================================
2025-09-02 21:54:01 - BudgetForecast - INFO - STAGE 3: MODEL TRAINING
2025-09-02 21:54:01 - BudgetForecast - INFO - ============================================================
2025-09-02 21:54:01 - BudgetForecast - INFO - Training new model with timestamp: 20250902_215401
2025-09-02 21:54:01 - BudgetForecast - INFO - --- Bayesian Optimization (Optuna) ---
2025-09-02 21:54:01 - BudgetForecast - ERROR - ERROR in objective function: name 'X' is not defined
2025-09-02 21:54:01 - BudgetForecast - ERROR - ERROR: Failed during Bayesian optimization: name 'X' is not defined
2025-09-02 21:54:01 - BudgetForecast - ERROR - CRITICAL ERROR: name 'X' is not defined
2025-09-02 21:54:01 - BudgetForecast - ERROR - Analysis failed. Check the logs for details.
