2025-09-01 18:27:49 - BudgetForecast - INFO - Logging initialized. Log file: logs/budget_forecast_20250901_182749.log
2025-09-01 18:27:49 - BudgetForecast - INFO - ============================================================
2025-09-01 18:27:49 - BudgetForecast - INFO - BUDGET FORECASTING MODEL EXECUTION STARTED
2025-09-01 18:27:49 - BudgetForecast - INFO - ============================================================
2025-09-01 18:27:49 - BudgetForecast - INFO - Configuration:
2025-09-01 18:27:49 - BudgetForecast - INFO -   Train: True
2025-09-01 18:27:49 - BudgetForecast - INFO -   Optimizer: bayesian
2025-09-01 18:27:49 - BudgetForecast - INFO -   Model: catboost
2025-09-01 18:27:49 - BudgetForecast - INFO -   Bayesian Optimization: True
2025-09-01 18:27:49 - BudgetForecast - INFO -   Grid Search Optimization: False
2025-09-01 18:27:49 - BudgetForecast - INFO -   Use Linear Regression: False
2025-09-01 18:27:49 - BudgetForecast - INFO - ============================================================
2025-09-01 18:27:49 - BudgetForecast - INFO - STAGE 1: DATA PREPROCESSING
2025-09-01 18:27:49 - BudgetForecast - INFO - ============================================================
2025-09-01 18:27:49 - BudgetForecast - INFO - Loading dataset...
2025-09-01 18:27:49 - BudgetForecast - INFO - Dataset loaded successfully. Shape: (160298, 11)
2025-09-01 18:27:49 - BudgetForecast - INFO - Processing date columns...
2025-09-01 18:27:49 - BudgetForecast - INFO - Date columns and 'year_month' processed successfully
2025-09-01 18:27:49 - BudgetForecast - INFO - Data sorted by month
2025-09-01 18:27:49 - BudgetForecast - INFO - Converting categorical columns...
2025-09-01 18:27:49 - BudgetForecast - INFO - Converted 9 columns to categorical
2025-09-01 18:27:49 - BudgetForecast - INFO - Dropped original 'month' column
2025-09-01 18:27:49 - BudgetForecast - INFO - Creating lag features...
2025-09-01 18:27:50 - BudgetForecast - INFO - Lag features created successfully
2025-09-01 18:27:50 - BudgetForecast - INFO - Creating rolling statistics...
2025-09-01 18:27:50 - BudgetForecast - INFO - Rolling statistics created successfully
2025-09-01 18:27:50 - BudgetForecast - INFO - Splitting data into training and testing sets...
2025-09-01 18:27:50 - BudgetForecast - INFO - Shape of training data: (120223, 20)
2025-09-01 18:27:50 - BudgetForecast - INFO - Shape of testing data: (40075, 20)
2025-09-01 18:27:50 - BudgetForecast - INFO - ============================================================
2025-09-01 18:27:50 - BudgetForecast - INFO - STAGE 2: MODEL LOADING OR TRAINING
2025-09-01 18:27:50 - BudgetForecast - INFO - ============================================================
2025-09-01 18:27:50 - BudgetForecast - INFO - ============================================================
2025-09-01 18:27:50 - BudgetForecast - INFO - STAGE 3: MODEL TRAINING
2025-09-01 18:27:50 - BudgetForecast - INFO - ============================================================
2025-09-01 18:27:50 - BudgetForecast - INFO - Training new model with timestamp: 20250901_182749
2025-09-01 18:27:50 - BudgetForecast - INFO - --- Bayesian Optimization (Optuna) ---
2025-09-01 18:27:50 - BudgetForecast - ERROR - ERROR: Failed during Bayesian optimization: Study.optimize() got an unexpected keyword argument 'model_type'
2025-09-01 18:27:50 - BudgetForecast - ERROR - CRITICAL ERROR: Study.optimize() got an unexpected keyword argument 'model_type'
2025-09-01 18:27:50 - BudgetForecast - ERROR - Analysis failed. Check the logs for details.
