2025-09-02 22:11:01 - BudgetForecast - INFO - Logging initialized. Log file: logs/budget_forecast_20250902_221101.log
2025-09-02 22:11:01 - BudgetForecast - INFO - ============================================================
2025-09-02 22:11:01 - BudgetForecast - INFO - BUDGET FORECASTING MODEL EXECUTION STARTED
2025-09-02 22:11:01 - BudgetForecast - INFO - ============================================================
2025-09-02 22:11:01 - BudgetForecast - INFO - Configuration:
2025-09-02 22:11:01 - BudgetForecast - INFO -   Train: True
2025-09-02 22:11:01 - BudgetForecast - INFO -   Optimizer: bayesian
2025-09-02 22:11:01 - BudgetForecast - INFO -   Model: catboost
2025-09-02 22:11:01 - BudgetForecast - INFO -   Bayesian Optimization: True
2025-09-02 22:11:01 - BudgetForecast - INFO -   Grid Search Optimization: False
2025-09-02 22:11:01 - BudgetForecast - INFO -   Use Linear Regression: False
2025-09-02 22:11:01 - BudgetForecast - INFO - ============================================================
2025-09-02 22:11:01 - BudgetForecast - INFO - STAGE 1: DATA PREPROCESSING
2025-09-02 22:11:01 - BudgetForecast - INFO - ============================================================
2025-09-02 22:11:01 - BudgetForecast - INFO - Loading dataset...
2025-09-02 22:11:01 - BudgetForecast - INFO - Dataset loaded successfully. Shape: (2192, 12)
2025-09-02 22:11:01 - BudgetForecast - INFO - Processing date columns...
2025-09-02 22:11:01 - BudgetForecast - INFO - Date columns processed successfully
2025-09-02 22:11:01 - BudgetForecast - INFO - Data sorted by month
2025-09-02 22:11:01 - BudgetForecast - INFO - Dropped 'estimate' column (duplicate of 'spend')
2025-09-02 22:11:01 - BudgetForecast - INFO - Converting categorical columns...
2025-09-02 22:11:01 - BudgetForecast - INFO - Converted 9 columns to categorical
2025-09-02 22:11:01 - BudgetForecast - INFO - Dropped original 'month' column
2025-09-02 22:11:01 - BudgetForecast - INFO - Creating lag features...
2025-09-02 22:11:01 - BudgetForecast - INFO - Lag features created successfully
2025-09-02 22:11:01 - BudgetForecast - INFO - Creating rolling statistics...
2025-09-02 22:11:01 - BudgetForecast - INFO - Rolling statistics created successfully
2025-09-02 22:11:01 - BudgetForecast - INFO - Splitting data into training and testing sets...
2025-09-02 22:11:01 - BudgetForecast - INFO - Shape of training data: (1753, 19)
2025-09-02 22:11:01 - BudgetForecast - INFO - Shape of testing data: (439, 19)
2025-09-02 22:11:01 - BudgetForecast - INFO - ============================================================
2025-09-02 22:11:01 - BudgetForecast - INFO - STAGE 2: MODEL LOADING OR TRAINING
2025-09-02 22:11:01 - BudgetForecast - INFO - ============================================================
2025-09-02 22:11:01 - BudgetForecast - INFO - ============================================================
2025-09-02 22:11:01 - BudgetForecast - INFO - STAGE 3: MODEL TRAINING
2025-09-02 22:11:01 - BudgetForecast - INFO - ============================================================
2025-09-02 22:11:01 - BudgetForecast - INFO - Training new model with timestamp: 20250902_221101
2025-09-02 22:11:01 - BudgetForecast - INFO - --- Bayesian Optimization (Optuna) ---
2025-09-02 22:13:47 - BudgetForecast - INFO - Best Parameters: {'depth': 4, 'learning_rate': 0.024350665646977587, 'l2_leaf_reg': 5, 'bagging_temperature': 0.14177769047210792}
2025-09-02 22:13:47 - BudgetForecast - INFO - Best RMSE: 36.62184538466264
2025-09-02 22:13:48 - BudgetForecast - INFO - Model saved to models/catboost/catboost_bayesian_model_20250902_221101.cbm
2025-09-02 22:13:48 - BudgetForecast - INFO - ============================================================
2025-09-02 22:13:48 - BudgetForecast - INFO - STAGE 4: MODEL EVALUATION
2025-09-02 22:13:48 - BudgetForecast - INFO - ============================================================
2025-09-02 22:13:48 - BudgetForecast - INFO - CatBoost Model Results:
2025-09-02 22:13:48 - BudgetForecast - INFO - RMSE: 14.1638
2025-09-02 22:13:48 - BudgetForecast - INFO - MAE: 5.5423
2025-09-02 22:13:48 - BudgetForecast - INFO - R²: 0.9916
2025-09-02 22:13:48 - BudgetForecast - INFO - ============================================================
2025-09-02 22:13:48 - BudgetForecast - INFO - STAGE 5: GENERATING VISUALIZATIONS
2025-09-02 22:13:48 - BudgetForecast - INFO - ============================================================
2025-09-02 22:13:48 - BudgetForecast - INFO - Generating monthly comparison bar chart...
2025-09-02 22:13:48 - BudgetForecast - INFO - Monthly comparison bar chart saved to plots/monthly_comparison_bar.html
2025-09-02 22:13:48 - BudgetForecast - INFO - Generating monthly comparison line graph...
2025-09-02 22:13:48 - BudgetForecast - INFO - Monthly comparison line graph saved to plots/monthly_comparison_line.html
2025-09-02 22:13:48 - BudgetForecast - INFO - Visualizations generated successfully
2025-09-02 22:13:48 - BudgetForecast - INFO - ============================================================
2025-09-02 22:13:48 - BudgetForecast - INFO - STAGE 6: GENERATING FUTURE PREDICTIONS
2025-09-02 22:13:48 - BudgetForecast - INFO - ============================================================
2025-09-02 22:13:48 - BudgetForecast - INFO - Generating future predictions visualization...
2025-09-02 22:13:49 - BudgetForecast - INFO - Future predictions visualization saved to plots/future_predictions.html
2025-09-02 22:13:49 - BudgetForecast - INFO - ================================================================================
2025-09-02 22:13:49 - BudgetForecast - INFO - 24-MONTH FUTURE PREDICTIONS COMPARISON
2025-09-02 22:13:49 - BudgetForecast - INFO - ================================================================================
2025-09-02 22:13:49 - BudgetForecast - INFO - Month        CatBoost Prediction 
2025-09-02 22:13:49 - BudgetForecast - INFO - -----------------------------------
2025-09-02 22:13:49 - BudgetForecast - INFO - 2025-08      $160.90             
2025-09-02 22:13:49 - BudgetForecast - INFO - 2025-09      $161.46             
2025-09-02 22:13:49 - BudgetForecast - INFO - 2025-10      $161.46             
2025-09-02 22:13:49 - BudgetForecast - INFO - 2025-11      $161.46             
2025-09-02 22:13:49 - BudgetForecast - INFO - 2025-12      $161.39             
2025-09-02 22:13:49 - BudgetForecast - INFO - 2026-01      $154.16             
2025-09-02 22:13:49 - BudgetForecast - INFO - 2026-02      $154.02             
2025-09-02 22:13:49 - BudgetForecast - INFO - 2026-03      $159.85             
2025-09-02 22:13:49 - BudgetForecast - INFO - 2026-04      $159.71             
2025-09-02 22:13:49 - BudgetForecast - INFO - 2026-05      $160.40             
2025-09-02 22:13:49 - BudgetForecast - INFO - 2026-06      $160.40             
2025-09-02 22:13:49 - BudgetForecast - INFO - 2026-07      $161.48             
2025-09-02 22:13:49 - BudgetForecast - INFO - 2026-08      $160.90             
2025-09-02 22:13:49 - BudgetForecast - INFO - 2026-09      $161.46             
2025-09-02 22:13:49 - BudgetForecast - INFO - 2026-10      $161.46             
2025-09-02 22:13:49 - BudgetForecast - INFO - 2026-11      $161.46             
2025-09-02 22:13:49 - BudgetForecast - INFO - 2026-12      $161.39             
2025-09-02 22:13:49 - BudgetForecast - INFO - 2027-01      $154.16             
2025-09-02 22:13:49 - BudgetForecast - INFO - 2027-02      $154.02             
2025-09-02 22:13:49 - BudgetForecast - INFO - 2027-03      $159.85             
2025-09-02 22:13:49 - BudgetForecast - INFO - 2027-04      $159.71             
2025-09-02 22:13:49 - BudgetForecast - INFO - 2027-05      $160.40             
2025-09-02 22:13:49 - BudgetForecast - INFO - 2027-06      $160.40             
2025-09-02 22:13:49 - BudgetForecast - INFO - 2027-07      $161.48             
2025-09-02 22:13:49 - BudgetForecast - INFO - Average Prediction: $159.72
2025-09-02 22:13:49 - BudgetForecast - INFO - Prediction Range: $154.02 - $161.48
2025-09-02 22:13:49 - BudgetForecast - INFO - Future predictions generated successfully
2025-09-02 22:13:49 - BudgetForecast - INFO - ============================================================
2025-09-02 22:13:49 - BudgetForecast - INFO - ANALYSIS COMPLETE - SUCCESS
2025-09-02 22:13:49 - BudgetForecast - INFO - ============================================================
