2025-09-03 12:22:14 - BudgetForecast - INFO - Logging initialized. Log file: logs/budget_forecast_20250903_122214.log
2025-09-03 12:22:14 - BudgetForecast - INFO - ============================================================
2025-09-03 12:22:14 - BudgetForecast - INFO - BUDGET FORECASTING MODEL EXECUTION STARTED
2025-09-03 12:22:14 - BudgetForecast - INFO - ============================================================
2025-09-03 12:22:14 - BudgetForecast - INFO - Configuration:
2025-09-03 12:22:14 - BudgetForecast - INFO -   Train: True
2025-09-03 12:22:14 - BudgetForecast - INFO -   Optimizer: bayesian
2025-09-03 12:22:14 - BudgetForecast - INFO -   Model: catboost
2025-09-03 12:22:14 - BudgetForecast - INFO -   Bayesian Optimization: True
2025-09-03 12:22:14 - BudgetForecast - INFO -   Grid Search Optimization: False
2025-09-03 12:22:14 - BudgetForecast - INFO -   Use Linear Regression: False
2025-09-03 12:22:14 - BudgetForecast - INFO - ============================================================
2025-09-03 12:22:14 - BudgetForecast - INFO - STAGE 1: DATA PREPROCESSING
2025-09-03 12:22:14 - BudgetForecast - INFO - ============================================================
2025-09-03 12:22:14 - BudgetForecast - INFO - Loading dataset...
2025-09-03 12:22:14 - BudgetForecast - INFO - Dataset loaded successfully. Shape: (2192, 12)
2025-09-03 12:22:14 - BudgetForecast - INFO - Processing date columns...
2025-09-03 12:22:14 - BudgetForecast - INFO - Date columns processed successfully
2025-09-03 12:22:14 - BudgetForecast - INFO - Data sorted by month
2025-09-03 12:22:14 - BudgetForecast - INFO - Dropped 'estimate' column (duplicate of 'spend')
2025-09-03 12:22:14 - BudgetForecast - INFO - Converting categorical columns...
2025-09-03 12:22:14 - BudgetForecast - INFO - Converted 9 columns to categorical
2025-09-03 12:22:14 - BudgetForecast - INFO - Dropped original 'month' column
2025-09-03 12:22:14 - BudgetForecast - INFO - Creating lag features...
2025-09-03 12:22:14 - BudgetForecast - INFO - Lag features created successfully
2025-09-03 12:22:14 - BudgetForecast - INFO - Creating rolling statistics...
2025-09-03 12:22:14 - BudgetForecast - INFO - Rolling statistics created successfully
2025-09-03 12:22:14 - BudgetForecast - INFO - Splitting data into training and testing sets...
2025-09-03 12:22:14 - BudgetForecast - INFO - Shape of training data: (1753, 19)
2025-09-03 12:22:14 - BudgetForecast - INFO - Shape of testing data: (439, 19)
2025-09-03 12:22:14 - BudgetForecast - INFO - ============================================================
2025-09-03 12:22:14 - BudgetForecast - INFO - STAGE 2: MODEL LOADING OR TRAINING
2025-09-03 12:22:14 - BudgetForecast - INFO - ============================================================
2025-09-03 12:22:14 - BudgetForecast - INFO - ============================================================
2025-09-03 12:22:14 - BudgetForecast - INFO - STAGE 3: MODEL TRAINING
2025-09-03 12:22:14 - BudgetForecast - INFO - ============================================================
2025-09-03 12:22:14 - BudgetForecast - INFO - Training new model with timestamp: 20250903_122214
2025-09-03 12:22:14 - BudgetForecast - INFO - --- Bayesian Optimization (Optuna) ---
2025-09-03 12:22:28 - BudgetForecast - INFO - Best Parameters: {'depth': 4, 'learning_rate': 0.055915818831518437, 'l2_leaf_reg': 7, 'bagging_temperature': 0.32938745398714975}
2025-09-03 12:22:28 - BudgetForecast - INFO - Best RMSE: 47.47321135423008
2025-09-03 12:22:29 - BudgetForecast - INFO - Model saved to models/catboost/catboost_bayesian_model_20250903_122214.cbm
2025-09-03 12:22:29 - BudgetForecast - INFO - ============================================================
2025-09-03 12:22:29 - BudgetForecast - INFO - STAGE 4: MODEL EVALUATION
2025-09-03 12:22:29 - BudgetForecast - INFO - ============================================================
2025-09-03 12:22:29 - BudgetForecast - INFO - CatBoost Model Results:
2025-09-03 12:22:29 - BudgetForecast - INFO - RMSE: 34.8974
2025-09-03 12:22:29 - BudgetForecast - INFO - MAE: 8.5910
2025-09-03 12:22:29 - BudgetForecast - INFO - R²: 0.9488
2025-09-03 12:22:29 - BudgetForecast - INFO - ============================================================
2025-09-03 12:22:29 - BudgetForecast - INFO - STAGE 5: GENERATING VISUALIZATIONS
2025-09-03 12:22:29 - BudgetForecast - INFO - ============================================================
2025-09-03 12:22:29 - BudgetForecast - INFO - Generating monthly comparison bar chart...
2025-09-03 12:22:29 - BudgetForecast - INFO - Monthly comparison bar chart saved to plots/monthly_comparison_bar.html
2025-09-03 12:22:29 - BudgetForecast - INFO - Generating monthly comparison line graph...
2025-09-03 12:22:29 - BudgetForecast - INFO - Monthly comparison line graph saved to plots/monthly_comparison_line.html
2025-09-03 12:22:29 - BudgetForecast - INFO - Visualizations generated successfully
2025-09-03 12:22:29 - BudgetForecast - INFO - ============================================================
2025-09-03 12:22:29 - BudgetForecast - INFO - STAGE 6: GENERATING FUTURE PREDICTIONS
2025-09-03 12:22:29 - BudgetForecast - INFO - ============================================================
2025-09-03 12:22:29 - BudgetForecast - INFO - Generating future predictions visualization...
2025-09-03 12:22:30 - BudgetForecast - INFO - Future predictions visualization saved to plots/future_predictions.html
2025-09-03 12:22:30 - BudgetForecast - INFO - ================================================================================
2025-09-03 12:22:30 - BudgetForecast - INFO - 24-MONTH FUTURE PREDICTIONS COMPARISON
2025-09-03 12:22:30 - BudgetForecast - INFO - ================================================================================
2025-09-03 12:22:30 - BudgetForecast - INFO - Month        CatBoost Prediction 
2025-09-03 12:22:30 - BudgetForecast - INFO - -----------------------------------
2025-09-03 12:22:30 - BudgetForecast - INFO - 2025-08      $95.82              
2025-09-03 12:22:30 - BudgetForecast - INFO - 2025-09      $96.90              
2025-09-03 12:22:30 - BudgetForecast - INFO - 2025-10      $96.88              
2025-09-03 12:22:30 - BudgetForecast - INFO - 2025-11      $96.36              
2025-09-03 12:22:30 - BudgetForecast - INFO - 2025-12      $96.19              
2025-09-03 12:22:30 - BudgetForecast - INFO - 2026-01      $90.64              
2025-09-03 12:22:30 - BudgetForecast - INFO - 2026-02      $90.59              
2025-09-03 12:22:30 - BudgetForecast - INFO - 2026-03      $93.40              
2025-09-03 12:22:30 - BudgetForecast - INFO - 2026-04      $93.01              
2025-09-03 12:22:30 - BudgetForecast - INFO - 2026-05      $94.43              
2025-09-03 12:22:30 - BudgetForecast - INFO - 2026-06      $94.43              
2025-09-03 12:22:30 - BudgetForecast - INFO - 2026-07      $95.82              
2025-09-03 12:22:30 - BudgetForecast - INFO - 2026-08      $95.82              
2025-09-03 12:22:30 - BudgetForecast - INFO - 2026-09      $96.90              
2025-09-03 12:22:30 - BudgetForecast - INFO - 2026-10      $96.88              
2025-09-03 12:22:30 - BudgetForecast - INFO - 2026-11      $96.36              
2025-09-03 12:22:30 - BudgetForecast - INFO - 2026-12      $96.19              
2025-09-03 12:22:30 - BudgetForecast - INFO - 2027-01      $90.64              
2025-09-03 12:22:30 - BudgetForecast - INFO - 2027-02      $90.59              
2025-09-03 12:22:30 - BudgetForecast - INFO - 2027-03      $93.40              
2025-09-03 12:22:30 - BudgetForecast - INFO - 2027-04      $93.01              
2025-09-03 12:22:30 - BudgetForecast - INFO - 2027-05      $94.43              
2025-09-03 12:22:30 - BudgetForecast - INFO - 2027-06      $94.43              
2025-09-03 12:22:30 - BudgetForecast - INFO - 2027-07      $95.82              
2025-09-03 12:22:30 - BudgetForecast - INFO - Average Prediction: $94.54
2025-09-03 12:22:30 - BudgetForecast - INFO - Prediction Range: $90.59 - $96.90
2025-09-03 12:22:30 - BudgetForecast - INFO - Future predictions generated successfully
2025-09-03 12:22:30 - BudgetForecast - INFO - ============================================================
2025-09-03 12:22:30 - BudgetForecast - INFO - ANALYSIS COMPLETE - SUCCESS
2025-09-03 12:22:30 - BudgetForecast - INFO - ============================================================
