2025-08-18 09:25:29 - BudgetForecast - INFO - Logging initialized. Log file: logs/budget_forecast_20250818_092529.log
2025-08-18 09:25:29 - BudgetForecast - INFO - ============================================================
2025-08-18 09:25:29 - BudgetForecast - INFO - BUDGET FORECASTING MODEL EXECUTION STARTED
2025-08-18 09:25:29 - BudgetForecast - INFO - ============================================================
2025-08-18 09:25:29 - BudgetForecast - INFO - Configuration:
2025-08-18 09:25:29 - BudgetForecast - INFO -   Train: True
2025-08-18 09:25:29 - BudgetForecast - INFO -   Optimizer: bayesian
2025-08-18 09:25:29 - BudgetForecast - INFO -   Model: catboost
2025-08-18 09:25:29 - BudgetForecast - INFO -   Bayesian Optimization: True
2025-08-18 09:25:29 - BudgetForecast - INFO -   Grid Search Optimization: False
2025-08-18 09:25:29 - BudgetForecast - INFO -   Use Linear Regression: False
2025-08-18 09:25:29 - BudgetForecast - INFO - ============================================================
2025-08-18 09:25:29 - BudgetForecast - INFO - STAGE 1: DATA PREPROCESSING
2025-08-18 09:25:29 - BudgetForecast - INFO - ============================================================
2025-08-18 09:25:29 - BudgetForecast - INFO - Loading dataset...
2025-08-18 09:25:29 - BudgetForecast - INFO - Dataset loaded successfully. Shape: (2192, 12)
2025-08-18 09:25:29 - BudgetForecast - INFO - Processing date columns...
2025-08-18 09:25:29 - BudgetForecast - INFO - Date columns processed successfully
2025-08-18 09:25:29 - BudgetForecast - INFO - Data sorted by month
2025-08-18 09:25:29 - BudgetForecast - INFO - Dropped 'estimate' column (duplicate of 'spend')
2025-08-18 09:25:29 - BudgetForecast - INFO - Converting categorical columns...
2025-08-18 09:25:29 - BudgetForecast - INFO - Converted 9 columns to categorical
2025-08-18 09:25:29 - BudgetForecast - INFO - Dropped original 'month' column
2025-08-18 09:25:29 - BudgetForecast - INFO - Creating lag features...
2025-08-18 09:25:29 - BudgetForecast - INFO - Lag features created successfully
2025-08-18 09:25:29 - BudgetForecast - INFO - Creating rolling statistics...
2025-08-18 09:25:29 - BudgetForecast - INFO - Rolling statistics created successfully
2025-08-18 09:25:29 - BudgetForecast - INFO - Splitting data into training and testing sets...
2025-08-18 09:25:29 - BudgetForecast - INFO - Shape of training data: (1753, 19)
2025-08-18 09:25:29 - BudgetForecast - INFO - Shape of testing data: (439, 19)
2025-08-18 09:25:29 - BudgetForecast - INFO - ============================================================
2025-08-18 09:25:29 - BudgetForecast - INFO - STAGE 2: MODEL LOADING OR TRAINING
2025-08-18 09:25:29 - BudgetForecast - INFO - ============================================================
2025-08-18 09:25:29 - BudgetForecast - INFO - ============================================================
2025-08-18 09:25:29 - BudgetForecast - INFO - STAGE 3: MODEL TRAINING
2025-08-18 09:25:29 - BudgetForecast - INFO - ============================================================
2025-08-18 09:25:29 - BudgetForecast - INFO - Training new model with timestamp: 20250818_092529
2025-08-18 09:25:29 - BudgetForecast - INFO - --- Bayesian Optimization (Optuna) ---
2025-08-18 09:28:05 - BudgetForecast - INFO - Best Parameters: {'depth': 4, 'learning_rate': 0.011232652618709649, 'l2_leaf_reg': 5, 'bagging_temperature': 0.2668083414114754}
2025-08-18 09:28:05 - BudgetForecast - INFO - Best RMSE: 36.57818935058339
2025-08-18 09:28:06 - BudgetForecast - INFO - Model saved to models/catboost/catboost_bayesian_model_20250818_092529.cbm
2025-08-18 09:28:06 - BudgetForecast - INFO - ============================================================
2025-08-18 09:28:06 - BudgetForecast - INFO - STAGE 4: MODEL EVALUATION
2025-08-18 09:28:06 - BudgetForecast - INFO - ============================================================
2025-08-18 09:28:06 - BudgetForecast - INFO - CatBoost Model Results:
2025-08-18 09:28:06 - BudgetForecast - INFO - RMSE: 16.7363
2025-08-18 09:28:06 - BudgetForecast - INFO - MAE: 5.8520
2025-08-18 09:28:06 - BudgetForecast - INFO - R²: 0.9882
2025-08-18 09:28:06 - BudgetForecast - INFO - ============================================================
2025-08-18 09:28:06 - BudgetForecast - INFO - STAGE 5: GENERATING VISUALIZATIONS
2025-08-18 09:28:06 - BudgetForecast - INFO - ============================================================
2025-08-18 09:28:06 - BudgetForecast - INFO - Generating monthly comparison bar chart...
2025-08-18 09:28:06 - BudgetForecast - ERROR - ERROR: Failed to generate visualizations: 
Invalid key specified in an element of the 'specs' argument to make_subplots: 'secondary_yaxis'
    Valid keys include: ['type', 'secondary_y', 'colspan', 'rowspan', 'l', 'r', 'b', 't']
2025-08-18 09:28:06 - BudgetForecast - INFO - ============================================================
2025-08-18 09:28:06 - BudgetForecast - INFO - STAGE 6: GENERATING FUTURE PREDICTIONS
2025-08-18 09:28:06 - BudgetForecast - INFO - ============================================================
2025-08-18 09:28:06 - BudgetForecast - INFO - Generating future predictions visualization...
2025-08-18 09:28:06 - BudgetForecast - INFO - Future predictions visualization saved to plots/future_predictions.html
2025-08-18 09:28:06 - BudgetForecast - INFO - ================================================================================
2025-08-18 09:28:06 - BudgetForecast - INFO - 24-MONTH FUTURE PREDICTIONS COMPARISON
2025-08-18 09:28:06 - BudgetForecast - INFO - ================================================================================
2025-08-18 09:28:06 - BudgetForecast - INFO - Month        CatBoost Prediction 
2025-08-18 09:28:06 - BudgetForecast - INFO - -----------------------------------
2025-08-18 09:28:06 - BudgetForecast - INFO - 2025-08      $147.29             
2025-08-18 09:28:06 - BudgetForecast - INFO - 2025-09      $147.84             
2025-08-18 09:28:06 - BudgetForecast - INFO - 2025-10      $147.80             
2025-08-18 09:28:06 - BudgetForecast - INFO - 2025-11      $147.69             
2025-08-18 09:28:06 - BudgetForecast - INFO - 2025-12      $147.41             
2025-08-18 09:28:06 - BudgetForecast - INFO - 2026-01      $138.57             
2025-08-18 09:28:06 - BudgetForecast - INFO - 2026-02      $138.98             
2025-08-18 09:28:06 - BudgetForecast - INFO - 2026-03      $144.22             
2025-08-18 09:28:06 - BudgetForecast - INFO - 2026-04      $144.98             
2025-08-18 09:28:06 - BudgetForecast - INFO - 2026-05      $146.20             
2025-08-18 09:28:06 - BudgetForecast - INFO - 2026-06      $146.42             
2025-08-18 09:28:06 - BudgetForecast - INFO - 2026-07      $147.20             
2025-08-18 09:28:06 - BudgetForecast - INFO - 2026-08      $147.29             
2025-08-18 09:28:06 - BudgetForecast - INFO - 2026-09      $147.84             
2025-08-18 09:28:06 - BudgetForecast - INFO - 2026-10      $147.80             
2025-08-18 09:28:06 - BudgetForecast - INFO - 2026-11      $147.69             
2025-08-18 09:28:06 - BudgetForecast - INFO - 2026-12      $147.41             
2025-08-18 09:28:06 - BudgetForecast - INFO - 2027-01      $138.57             
2025-08-18 09:28:06 - BudgetForecast - INFO - 2027-02      $138.98             
2025-08-18 09:28:06 - BudgetForecast - INFO - 2027-03      $144.22             
2025-08-18 09:28:06 - BudgetForecast - INFO - 2027-04      $144.98             
2025-08-18 09:28:06 - BudgetForecast - INFO - 2027-05      $146.20             
2025-08-18 09:28:06 - BudgetForecast - INFO - 2027-06      $146.42             
2025-08-18 09:28:06 - BudgetForecast - INFO - 2027-07      $147.20             
2025-08-18 09:28:06 - BudgetForecast - INFO - Average Prediction: $145.38
2025-08-18 09:28:06 - BudgetForecast - INFO - Prediction Range: $138.57 - $147.84
2025-08-18 09:28:06 - BudgetForecast - INFO - Future predictions generated successfully
2025-08-18 09:28:06 - BudgetForecast - INFO - ============================================================
2025-08-18 09:28:06 - BudgetForecast - INFO - ANALYSIS COMPLETE - SUCCESS
2025-08-18 09:28:06 - BudgetForecast - INFO - ============================================================
