2025-09-02 21:44:48 - BudgetForecast - INFO - Logging initialized. Log file: logs/budget_forecast_20250902_214448.log
2025-09-02 21:44:48 - BudgetForecast - INFO - ============================================================
2025-09-02 21:44:48 - BudgetForecast - INFO - BUDGET FORECASTING MODEL EXECUTION STARTED
2025-09-02 21:44:48 - BudgetForecast - INFO - ============================================================
2025-09-02 21:44:48 - BudgetForecast - INFO - Configuration:
2025-09-02 21:44:48 - BudgetForecast - INFO -   Train: False
2025-09-02 21:44:48 - BudgetForecast - INFO -   Optimizer: bayesian
2025-09-02 21:44:48 - BudgetForecast - INFO -   Model: catboost
2025-09-02 21:44:48 - BudgetForecast - INFO -   Bayesian Optimization: True
2025-09-02 21:44:48 - BudgetForecast - INFO -   Grid Search Optimization: False
2025-09-02 21:44:48 - BudgetForecast - INFO -   Use Linear Regression: False
2025-09-02 21:44:48 - BudgetForecast - INFO - ============================================================
2025-09-02 21:44:48 - BudgetForecast - INFO - STAGE 1: DATA PREPROCESSING
2025-09-02 21:44:48 - BudgetForecast - INFO - ============================================================
2025-09-02 21:44:48 - BudgetForecast - INFO - Loading dataset...
2025-09-02 21:44:48 - BudgetForecast - INFO - Dataset loaded successfully. Shape: (160298, 11)
2025-09-02 21:44:48 - BudgetForecast - INFO - Processing date columns...
2025-09-02 21:44:48 - BudgetForecast - INFO - Date columns and 'year_month' processed successfully
2025-09-02 21:44:48 - BudgetForecast - INFO - Data sorted by month
2025-09-02 21:44:48 - BudgetForecast - INFO - Converting categorical columns...
2025-09-02 21:44:48 - BudgetForecast - INFO - Converted 9 columns to categorical
2025-09-02 21:44:48 - BudgetForecast - INFO - Dropped original 'month' column
2025-09-02 21:44:48 - BudgetForecast - INFO - Creating lag features...
2025-09-02 21:44:48 - BudgetForecast - INFO - Lag features created successfully
2025-09-02 21:44:48 - BudgetForecast - INFO - Creating rolling statistics...
2025-09-02 21:44:48 - BudgetForecast - INFO - Rolling statistics created successfully
2025-09-02 21:44:48 - BudgetForecast - INFO - Splitting data into training and testing sets...
2025-09-02 21:44:48 - BudgetForecast - INFO - Shape of training data: (120223, 20)
2025-09-02 21:44:48 - BudgetForecast - INFO - Shape of testing data: (40075, 20)
2025-09-02 21:44:48 - BudgetForecast - INFO - ============================================================
2025-09-02 21:44:48 - BudgetForecast - INFO - STAGE 2: MODEL LOADING OR TRAINING
2025-09-02 21:44:48 - BudgetForecast - INFO - ============================================================
2025-09-02 21:44:48 - BudgetForecast - INFO - Attempting to load existing models...
2025-09-02 21:44:48 - BudgetForecast - INFO - Loaded existing Bayesian model: models/catboost/catboost_bayesian_model_20250901_182929.cbm
2025-09-02 21:44:48 - BudgetForecast - INFO - ============================================================
2025-09-02 21:44:48 - BudgetForecast - INFO - STAGE 4: MODEL EVALUATION
2025-09-02 21:44:48 - BudgetForecast - INFO - ============================================================
2025-09-02 21:44:48 - BudgetForecast - INFO - CatBoost Model Results:
2025-09-02 21:44:48 - BudgetForecast - INFO - RMSE: 16355.6343
2025-09-02 21:44:48 - BudgetForecast - INFO - MAE: 341.4073
2025-09-02 21:44:48 - BudgetForecast - INFO - R²: 0.1650
2025-09-02 21:44:48 - BudgetForecast - INFO - ============================================================
2025-09-02 21:44:48 - BudgetForecast - INFO - STAGE 5: GENERATING VISUALIZATIONS
2025-09-02 21:44:48 - BudgetForecast - INFO - ============================================================
2025-09-02 21:44:48 - BudgetForecast - INFO - Generating monthly comparison bar chart...
2025-09-02 21:44:49 - BudgetForecast - INFO - Monthly comparison bar chart saved to plots/monthly_comparison_bar.html
2025-09-02 21:44:49 - BudgetForecast - INFO - Generating monthly comparison line graph...
2025-09-02 21:44:49 - BudgetForecast - INFO - Monthly comparison line graph saved to plots/monthly_comparison_line.html
2025-09-02 21:44:49 - BudgetForecast - INFO - Visualizations generated successfully
2025-09-02 21:44:49 - BudgetForecast - INFO - ============================================================
2025-09-02 21:44:49 - BudgetForecast - INFO - STAGE 6: GENERATING FUTURE PREDICTIONS
2025-09-02 21:44:49 - BudgetForecast - INFO - ============================================================
2025-09-02 21:44:49 - BudgetForecast - INFO - Start date for future predictions: 2025-08-01
2025-09-02 21:44:49 - BudgetForecast - INFO - DataFrame columns: ['serviceName', 'usageFamily', 'accountName', 'accountID', 'countryCode', 'buCode', 'region', 'segment', 'costString', 'spend', 'year', 'month_num', 'year_month', 'lag_1', 'lag_2', 'lag_3', 'lag_6', 'lag_12', 'rolling_mean_3', 'rolling_mean_6']
2025-09-02 21:44:49 - BudgetForecast - INFO - Using 'year_month' for monthly aggregation
2025-09-02 21:44:49 - BudgetForecast - INFO - Monthly spend dataframe created with shape: (22, 8)
2025-09-02 21:44:49 - BudgetForecast - INFO - Monthly spend dataframe created with shape: (22, 8)
2025-09-02 21:44:49 - BudgetForecast - INFO - Forecasted record counts:
       month  predicted_record_count
0 2025-08-01             8676.569354
1 2025-09-01             8786.911906
2 2025-10-01             8897.254457
3 2025-11-01             9007.597008
4 2025-12-01             9117.939559
2025-09-02 21:44:49 - BudgetForecast - INFO - [DEBUG] preprocess_future_df output columns: ['month', 'predicted_record_count']
2025-09-02 21:44:49 - BudgetForecast - INFO - Future df columns: ['month', 'serviceName', 'usageFamily', 'accountName', 'accountID', 'countryCode', 'buCode', 'region', 'segment', 'costString', 'year', 'month_num', 'year_month', 'lag_1', 'lag_2', 'lag_3', 'lag_6', 'lag_12', 'rolling_mean_3', 'rolling_mean_6', 'predicted_record_count']
2025-09-02 21:44:49 - BudgetForecast - INFO - Future df head:
       month serviceName usageFamily accountName accountID countryCode   buCode   region  segment costString  year  month_num year_month     lag_1     lag_2        lag_3    lag_6    lag_12  rolling_mean_3  rolling_mean_6  predicted_record_count
0 2025-08-01     default     default     default   default     default  default  default  default    default  2025          8 2025-08-01  0.007879  1.593536  1971.063517  0.08952  0.019081      657.554977      328.801613             8676.569354
1 2025-09-01     default     default     default   default     default  default  default  default    default  2025          9 2025-09-01  0.007879  1.593536  1971.063517  0.08952  0.019081      657.554977      328.801613             8786.911906
2 2025-10-01     default     default     default   default     default  default  default  default    default  2025         10 2025-10-01  0.007879  1.593536  1971.063517  0.08952  0.019081      657.554977      328.801613             8897.254457
3 2025-11-01     default     default     default   default     default  default  default  default    default  2025         11 2025-11-01  0.007879  1.593536  1971.063517  0.08952  0.019081      657.554977      328.801613             9007.597008
4 2025-12-01     default     default     default   default     default  default  default  default    default  2025         12 2025-12-01  0.007879  1.593536  1971.063517  0.08952  0.019081      657.554977      328.801613             9117.939559
2025-09-02 21:44:49 - BudgetForecast - INFO - Predicted spend for future months:
   year_month  predicted_spend
0  2025-08-01      -486.923509
1  2025-09-01      -501.046776
2  2025-10-01      -417.259659
3  2025-11-01      -463.862895
4  2025-12-01      -464.954170
2025-09-02 21:44:49 - BudgetForecast - INFO - mean_record_count: 7286.272727272727
2025-09-02 21:44:49 - BudgetForecast - INFO - Future predictions generated successfully
2025-09-02 21:44:49 - BudgetForecast - INFO - Generating future predictions visualization...
2025-09-02 21:44:49 - BudgetForecast - INFO - Future predictions visualization saved to plots/future_predictions.html
2025-09-02 21:44:49 - BudgetForecast - INFO - ================================================================================
2025-09-02 21:44:49 - BudgetForecast - INFO - 24-MONTH FUTURE PREDICTIONS COMPARISON
2025-09-02 21:44:49 - BudgetForecast - INFO - ================================================================================
2025-09-02 21:44:49 - BudgetForecast - INFO - Month        CatBoost Prediction 
2025-09-02 21:44:49 - BudgetForecast - INFO - -----------------------------------
2025-09-02 21:44:49 - BudgetForecast - INFO - 2025-08      $-486.92            
2025-09-02 21:44:49 - BudgetForecast - INFO - 2025-09      $-501.05            
2025-09-02 21:44:49 - BudgetForecast - INFO - 2025-10      $-417.26            
2025-09-02 21:44:49 - BudgetForecast - INFO - 2025-11      $-463.86            
2025-09-02 21:44:49 - BudgetForecast - INFO - 2025-12      $-464.95            
2025-09-02 21:44:49 - BudgetForecast - INFO - 2026-01      $-569.65            
2025-09-02 21:44:49 - BudgetForecast - INFO - 2026-02      $-476.16            
2025-09-02 21:44:49 - BudgetForecast - INFO - 2026-03      $-455.91            
2025-09-02 21:44:49 - BudgetForecast - INFO - 2026-04      $-457.82            
2025-09-02 21:44:49 - BudgetForecast - INFO - 2026-05      $-428.71            
2025-09-02 21:44:49 - BudgetForecast - INFO - 2026-06      $-457.66            
2025-09-02 21:44:49 - BudgetForecast - INFO - 2026-07      $-468.23            
2025-09-02 21:44:49 - BudgetForecast - INFO - 2026-08      $-486.92            
2025-09-02 21:44:49 - BudgetForecast - INFO - 2026-09      $-501.05            
2025-09-02 21:44:49 - BudgetForecast - INFO - 2026-10      $-417.26            
2025-09-02 21:44:49 - BudgetForecast - INFO - 2026-11      $-463.86            
2025-09-02 21:44:49 - BudgetForecast - INFO - 2026-12      $-464.95            
2025-09-02 21:44:49 - BudgetForecast - INFO - 2027-01      $-569.65            
2025-09-02 21:44:49 - BudgetForecast - INFO - 2027-02      $-476.16            
2025-09-02 21:44:49 - BudgetForecast - INFO - 2027-03      $-455.91            
2025-09-02 21:44:49 - BudgetForecast - INFO - 2027-04      $-457.82            
2025-09-02 21:44:49 - BudgetForecast - INFO - 2027-05      $-428.71            
2025-09-02 21:44:49 - BudgetForecast - INFO - 2027-06      $-457.66            
2025-09-02 21:44:49 - BudgetForecast - INFO - 2027-07      $-468.23            
2025-09-02 21:44:49 - BudgetForecast - INFO - Average Prediction: $-470.68
2025-09-02 21:44:49 - BudgetForecast - INFO - Prediction Range: $-569.65 - $-417.26
2025-09-02 21:44:49 - BudgetForecast - INFO - Future predictions generated successfully
2025-09-02 21:44:49 - BudgetForecast - INFO - ============================================================
2025-09-02 21:44:49 - BudgetForecast - INFO - ANALYSIS COMPLETE - SUCCESS
2025-09-02 21:44:49 - BudgetForecast - INFO - ============================================================
