2025-08-18 10:29:43 - BudgetForecast - INFO - Logging initialized. Log file: logs/budget_forecast_20250818_102943.log
2025-08-18 10:29:43 - BudgetForecast - INFO - ============================================================
2025-08-18 10:29:43 - BudgetForecast - INFO - BUDGET FORECASTING MODEL EXECUTION STARTED
2025-08-18 10:29:43 - BudgetForecast - INFO - ============================================================
2025-08-18 10:29:43 - BudgetForecast - INFO - Configuration:
2025-08-18 10:29:43 - BudgetForecast - INFO -   Train: True
2025-08-18 10:29:43 - BudgetForecast - INFO -   Optimizer: gridSearch
2025-08-18 10:29:43 - BudgetForecast - INFO -   Model: catboost
2025-08-18 10:29:43 - BudgetForecast - INFO -   Bayesian Optimization: False
2025-08-18 10:29:43 - BudgetForecast - INFO -   Grid Search Optimization: True
2025-08-18 10:29:43 - BudgetForecast - INFO -   Use Linear Regression: False
2025-08-18 10:29:43 - BudgetForecast - INFO - ============================================================
2025-08-18 10:29:43 - BudgetForecast - INFO - STAGE 1: DATA PREPROCESSING
2025-08-18 10:29:43 - BudgetForecast - INFO - ============================================================
2025-08-18 10:29:43 - BudgetForecast - INFO - Loading dataset...
2025-08-18 10:29:43 - BudgetForecast - INFO - Dataset loaded successfully. Shape: (2192, 12)
2025-08-18 10:29:43 - BudgetForecast - INFO - Processing date columns...
2025-08-18 10:29:43 - BudgetForecast - INFO - Date columns processed successfully
2025-08-18 10:29:43 - BudgetForecast - INFO - Data sorted by month
2025-08-18 10:29:43 - BudgetForecast - INFO - Dropped 'estimate' column (duplicate of 'spend')
2025-08-18 10:29:43 - BudgetForecast - INFO - Converting categorical columns...
2025-08-18 10:29:43 - BudgetForecast - INFO - Converted 9 columns to categorical
2025-08-18 10:29:43 - BudgetForecast - INFO - Dropped original 'month' column
2025-08-18 10:29:43 - BudgetForecast - INFO - Creating lag features...
2025-08-18 10:29:43 - BudgetForecast - INFO - Lag features created successfully
2025-08-18 10:29:43 - BudgetForecast - INFO - Creating rolling statistics...
2025-08-18 10:29:43 - BudgetForecast - INFO - Rolling statistics created successfully
2025-08-18 10:29:43 - BudgetForecast - INFO - Splitting data into training and testing sets...
2025-08-18 10:29:43 - BudgetForecast - INFO - Shape of training data: (1753, 19)
2025-08-18 10:29:43 - BudgetForecast - INFO - Shape of testing data: (439, 19)
2025-08-18 10:29:43 - BudgetForecast - INFO - ============================================================
2025-08-18 10:29:43 - BudgetForecast - INFO - STAGE 2: MODEL LOADING OR TRAINING
2025-08-18 10:29:43 - BudgetForecast - INFO - ============================================================
2025-08-18 10:29:43 - BudgetForecast - INFO - ============================================================
2025-08-18 10:29:43 - BudgetForecast - INFO - STAGE 3: MODEL TRAINING
2025-08-18 10:29:43 - BudgetForecast - INFO - ============================================================
2025-08-18 10:29:43 - BudgetForecast - INFO - Training new model with timestamp: 20250818_102943
2025-08-18 10:29:43 - BudgetForecast - INFO - --- Grid Search Optimization ---
2025-08-18 10:47:20 - BudgetForecast - INFO - Model saved to models/catboost/catboost_gridsearch_model_20250818_102943.cbm
2025-08-18 10:47:20 - BudgetForecast - INFO - ============================================================
2025-08-18 10:47:20 - BudgetForecast - INFO - STAGE 4: MODEL EVALUATION
2025-08-18 10:47:20 - BudgetForecast - INFO - ============================================================
2025-08-18 10:47:20 - BudgetForecast - INFO - CatBoost Model Results:
2025-08-18 10:47:20 - BudgetForecast - INFO - RMSE: 38.6532
2025-08-18 10:47:20 - BudgetForecast - INFO - MAE: 8.0275
2025-08-18 10:47:20 - BudgetForecast - INFO - R²: 0.9372
2025-08-18 10:47:20 - BudgetForecast - INFO - ============================================================
2025-08-18 10:47:20 - BudgetForecast - INFO - STAGE 5: GENERATING VISUALIZATIONS
2025-08-18 10:47:20 - BudgetForecast - INFO - ============================================================
2025-08-18 10:47:20 - BudgetForecast - INFO - Generating monthly comparison bar chart...
2025-08-18 10:47:20 - BudgetForecast - INFO - Monthly comparison bar chart saved to plots/monthly_comparison_bar.html
2025-08-18 10:47:20 - BudgetForecast - INFO - Generating monthly comparison line graph...
2025-08-18 10:47:20 - BudgetForecast - INFO - Monthly comparison line graph saved to plots/monthly_comparison_line.html
2025-08-18 10:47:20 - BudgetForecast - INFO - Visualizations generated successfully
2025-08-18 10:47:20 - BudgetForecast - INFO - ============================================================
2025-08-18 10:47:20 - BudgetForecast - INFO - STAGE 6: GENERATING FUTURE PREDICTIONS
2025-08-18 10:47:20 - BudgetForecast - INFO - ============================================================
2025-08-18 10:47:20 - BudgetForecast - INFO - Generating future predictions visualization...
2025-08-18 10:47:20 - BudgetForecast - INFO - Future predictions visualization saved to plots/future_predictions.html
2025-08-18 10:47:20 - BudgetForecast - INFO - ================================================================================
2025-08-18 10:47:20 - BudgetForecast - INFO - 24-MONTH FUTURE PREDICTIONS COMPARISON
2025-08-18 10:47:20 - BudgetForecast - INFO - ================================================================================
2025-08-18 10:47:20 - BudgetForecast - INFO - Month        CatBoost Prediction 
2025-08-18 10:47:20 - BudgetForecast - INFO - -----------------------------------
2025-08-18 10:47:20 - BudgetForecast - INFO - 2025-08      $154.97             
2025-08-18 10:47:20 - BudgetForecast - INFO - 2025-09      $155.18             
2025-08-18 10:47:20 - BudgetForecast - INFO - 2025-10      $156.12             
2025-08-18 10:47:20 - BudgetForecast - INFO - 2025-11      $158.52             
2025-08-18 10:47:20 - BudgetForecast - INFO - 2025-12      $159.60             
2025-08-18 10:47:20 - BudgetForecast - INFO - 2026-01      $161.83             
2025-08-18 10:47:20 - BudgetForecast - INFO - 2026-02      $161.67             
2025-08-18 10:47:20 - BudgetForecast - INFO - 2026-03      $160.15             
2025-08-18 10:47:20 - BudgetForecast - INFO - 2026-04      $156.83             
2025-08-18 10:47:20 - BudgetForecast - INFO - 2026-05      $154.54             
2025-08-18 10:47:20 - BudgetForecast - INFO - 2026-06      $154.54             
2025-08-18 10:47:20 - BudgetForecast - INFO - 2026-07      $154.97             
2025-08-18 10:47:20 - BudgetForecast - INFO - 2026-08      $154.97             
2025-08-18 10:47:20 - BudgetForecast - INFO - 2026-09      $155.18             
2025-08-18 10:47:20 - BudgetForecast - INFO - 2026-10      $156.12             
2025-08-18 10:47:20 - BudgetForecast - INFO - 2026-11      $158.52             
2025-08-18 10:47:20 - BudgetForecast - INFO - 2026-12      $159.60             
2025-08-18 10:47:20 - BudgetForecast - INFO - 2027-01      $161.83             
2025-08-18 10:47:20 - BudgetForecast - INFO - 2027-02      $161.67             
2025-08-18 10:47:20 - BudgetForecast - INFO - 2027-03      $160.15             
2025-08-18 10:47:20 - BudgetForecast - INFO - 2027-04      $156.83             
2025-08-18 10:47:20 - BudgetForecast - INFO - 2027-05      $154.54             
2025-08-18 10:47:20 - BudgetForecast - INFO - 2027-06      $154.54             
2025-08-18 10:47:20 - BudgetForecast - INFO - 2027-07      $154.97             
2025-08-18 10:47:20 - BudgetForecast - INFO - Average Prediction: $157.41
2025-08-18 10:47:20 - BudgetForecast - INFO - Prediction Range: $154.54 - $161.83
2025-08-18 10:47:20 - BudgetForecast - INFO - Future predictions generated successfully
2025-08-18 10:47:20 - BudgetForecast - INFO - ============================================================
2025-08-18 10:47:20 - BudgetForecast - INFO - ANALYSIS COMPLETE - SUCCESS
2025-08-18 10:47:20 - BudgetForecast - INFO - ============================================================
