2025-08-18 09:20:42 - BudgetForecast - INFO - Logging initialized. Log file: logs/budget_forecast_20250818_092042.log
2025-08-18 09:20:42 - BudgetForecast - INFO - ============================================================
2025-08-18 09:20:42 - BudgetForecast - INFO - BUDGET FORECASTING MODEL EXECUTION STARTED
2025-08-18 09:20:42 - BudgetForecast - INFO - ============================================================
2025-08-18 09:20:42 - BudgetForecast - INFO - Configuration:
2025-08-18 09:20:42 - BudgetForecast - INFO -   Train: False
2025-08-18 09:20:42 - BudgetForecast - INFO -   Optimizer: bayesian
2025-08-18 09:20:42 - BudgetForecast - INFO -   Model: catboost
2025-08-18 09:20:42 - BudgetForecast - INFO -   Bayesian Optimization: True
2025-08-18 09:20:42 - BudgetForecast - INFO -   Grid Search Optimization: False
2025-08-18 09:20:42 - BudgetForecast - INFO -   Use Linear Regression: False
2025-08-18 09:20:42 - BudgetForecast - INFO - ============================================================
2025-08-18 09:20:42 - BudgetForecast - INFO - STAGE 1: DATA PREPROCESSING
2025-08-18 09:20:42 - BudgetForecast - INFO - ============================================================
2025-08-18 09:20:42 - BudgetForecast - INFO - Loading dataset...
2025-08-18 09:20:42 - BudgetForecast - INFO - Dataset loaded successfully. Shape: (2192, 12)
2025-08-18 09:20:42 - BudgetForecast - INFO - Processing date columns...
2025-08-18 09:20:42 - BudgetForecast - INFO - Date columns processed successfully
2025-08-18 09:20:42 - BudgetForecast - INFO - Data sorted by month
2025-08-18 09:20:42 - BudgetForecast - INFO - Dropped 'estimate' column (duplicate of 'spend')
2025-08-18 09:20:42 - BudgetForecast - INFO - Converting categorical columns...
2025-08-18 09:20:42 - BudgetForecast - INFO - Converted 9 columns to categorical
2025-08-18 09:20:42 - BudgetForecast - INFO - Dropped original 'month' column
2025-08-18 09:20:42 - BudgetForecast - INFO - Creating lag features...
2025-08-18 09:20:42 - BudgetForecast - INFO - Lag features created successfully
2025-08-18 09:20:42 - BudgetForecast - INFO - Creating rolling statistics...
2025-08-18 09:20:42 - BudgetForecast - INFO - Rolling statistics created successfully
2025-08-18 09:20:42 - BudgetForecast - INFO - Splitting data into training and testing sets...
2025-08-18 09:20:42 - BudgetForecast - INFO - Shape of training data: (1753, 19)
2025-08-18 09:20:42 - BudgetForecast - INFO - Shape of testing data: (439, 19)
2025-08-18 09:20:42 - BudgetForecast - INFO - ============================================================
2025-08-18 09:20:42 - BudgetForecast - INFO - STAGE 2: MODEL LOADING OR TRAINING
2025-08-18 09:20:42 - BudgetForecast - INFO - ============================================================
2025-08-18 09:20:42 - BudgetForecast - INFO - Attempting to load existing models...
2025-08-18 09:20:42 - BudgetForecast - INFO - Loaded existing Bayesian model: models/catboost/catboost_bayesian_model_20250816_134330.cbm
2025-08-18 09:20:42 - BudgetForecast - INFO - ============================================================
2025-08-18 09:20:42 - BudgetForecast - INFO - STAGE 4: MODEL EVALUATION
2025-08-18 09:20:42 - BudgetForecast - INFO - ============================================================
2025-08-18 09:20:42 - BudgetForecast - INFO - CatBoost Model Results:
2025-08-18 09:20:42 - BudgetForecast - INFO - RMSE: 17.1379
2025-08-18 09:20:42 - BudgetForecast - INFO - MAE: 5.8593
2025-08-18 09:20:42 - BudgetForecast - INFO - R²: 0.9876
2025-08-18 09:20:42 - BudgetForecast - INFO - ============================================================
2025-08-18 09:20:42 - BudgetForecast - INFO - STAGE 5: GENERATING VISUALIZATIONS
2025-08-18 09:20:42 - BudgetForecast - INFO - ============================================================
2025-08-18 09:20:42 - BudgetForecast - INFO - Generating monthly comparison bar chart...
2025-08-18 09:20:42 - BudgetForecast - ERROR - ERROR: Failed to generate visualizations: 
Invalid key specified in an element of the 'specs' argument to make_subplots: 'secondary_yaxis'
    Valid keys include: ['type', 'secondary_y', 'colspan', 'rowspan', 'l', 'r', 'b', 't']
2025-08-18 09:20:42 - BudgetForecast - INFO - ============================================================
2025-08-18 09:20:42 - BudgetForecast - INFO - STAGE 6: GENERATING FUTURE PREDICTIONS
2025-08-18 09:20:42 - BudgetForecast - INFO - ============================================================
2025-08-18 09:20:42 - BudgetForecast - INFO - Generating future predictions visualization...
2025-08-18 09:20:42 - BudgetForecast - INFO - Future predictions visualization saved to plots/future_predictions.html
2025-08-18 09:20:42 - BudgetForecast - INFO - ================================================================================
2025-08-18 09:20:42 - BudgetForecast - INFO - 24-MONTH FUTURE PREDICTIONS COMPARISON
2025-08-18 09:20:42 - BudgetForecast - INFO - ================================================================================
2025-08-18 09:20:42 - BudgetForecast - INFO - Month        CatBoost Prediction 
2025-08-18 09:20:42 - BudgetForecast - INFO - -----------------------------------
2025-08-18 09:20:42 - BudgetForecast - INFO - 2025-08      $139.40             
2025-08-18 09:20:42 - BudgetForecast - INFO - 2025-09      $139.19             
2025-08-18 09:20:42 - BudgetForecast - INFO - 2025-10      $139.13             
2025-08-18 09:20:42 - BudgetForecast - INFO - 2025-11      $139.02             
2025-08-18 09:20:42 - BudgetForecast - INFO - 2025-12      $138.84             
2025-08-18 09:20:42 - BudgetForecast - INFO - 2026-01      $132.08             
2025-08-18 09:20:42 - BudgetForecast - INFO - 2026-02      $132.56             
2025-08-18 09:20:42 - BudgetForecast - INFO - 2026-03      $136.79             
2025-08-18 09:20:42 - BudgetForecast - INFO - 2026-04      $137.75             
2025-08-18 09:20:42 - BudgetForecast - INFO - 2026-05      $138.44             
2025-08-18 09:20:42 - BudgetForecast - INFO - 2026-06      $138.65             
2025-08-18 09:20:42 - BudgetForecast - INFO - 2026-07      $139.05             
2025-08-18 09:20:42 - BudgetForecast - INFO - 2026-08      $139.40             
2025-08-18 09:20:42 - BudgetForecast - INFO - 2026-09      $139.19             
2025-08-18 09:20:42 - BudgetForecast - INFO - 2026-10      $139.13             
2025-08-18 09:20:42 - BudgetForecast - INFO - 2026-11      $139.02             
2025-08-18 09:20:42 - BudgetForecast - INFO - 2026-12      $138.84             
2025-08-18 09:20:42 - BudgetForecast - INFO - 2027-01      $132.08             
2025-08-18 09:20:42 - BudgetForecast - INFO - 2027-02      $132.56             
2025-08-18 09:20:42 - BudgetForecast - INFO - 2027-03      $136.79             
2025-08-18 09:20:42 - BudgetForecast - INFO - 2027-04      $137.75             
2025-08-18 09:20:42 - BudgetForecast - INFO - 2027-05      $138.44             
2025-08-18 09:20:42 - BudgetForecast - INFO - 2027-06      $138.65             
2025-08-18 09:20:42 - BudgetForecast - INFO - 2027-07      $139.05             
2025-08-18 09:20:42 - BudgetForecast - INFO - Average Prediction: $137.57
2025-08-18 09:20:42 - BudgetForecast - INFO - Prediction Range: $132.08 - $139.40
2025-08-18 09:20:42 - BudgetForecast - INFO - Future predictions generated successfully
2025-08-18 09:20:42 - BudgetForecast - INFO - ============================================================
2025-08-18 09:20:42 - BudgetForecast - INFO - ANALYSIS COMPLETE - SUCCESS
2025-08-18 09:20:42 - BudgetForecast - INFO - ============================================================
